1660913360325	geckodriver	INFO	Listening on 127.0.0.1:64586
1660913363397	mozrunner::runner	INFO	Running command: "C:\\Program Files\\Mozilla Firefox\\firefox.exe" "--marionette" "--remote-debugging-port" "64587" "-no-remote" "-profile" "C:\\Users\\Ozerovs\\AppData\\Local\\Temp\\rust_mozprofileJe4jfT"
1660913364273	Marionette	INFO	Marionette enabled
console.warn: SearchSettings: "get: No settings file exists, new profile?" (new NotFoundError("Could not open the file at C:\\Users\\Ozerovs\\AppData\\Local\\Temp\\rust_mozprofileJe4jfT\\search.json.mozlz4", (void 0)))
DevTools listening on ws://localhost:64587/devtools/browser/b5c3ecc3-504a-4c93-8279-18ba68eb191a
1660913366607	Marionette	INFO	Listening on port 64593
1660913367114	RemoteAgent	WARN	TLS certificate errors will be ignored for this session
[Child 7304, MediaDecoderStateMachine #1] WARNING: 1dc367cc4a0 Could not set cubeb stream name.: file /builds/worker/checkouts/gecko/dom/media/AudioStream.cpp:330
[Child 7304, MediaDecoderStateMachine #1] WARNING: 1dc3194b120 Could not set cubeb stream name.: file /builds/worker/checkouts/gecko/dom/media/AudioStream.cpp:330
JavaScript error: resource://gre/modules/AsyncShutdown.jsm, line 575: NotFoundError: No such JSWindowActor 'DevToolsFrame'
JavaScript error: resource://gre/modules/AsyncShutdown.jsm, line 575: NotFoundError: No such JSWindowActor 'DevToolsFrame'
1660913471117	Marionette	INFO	Stopped listening on port 64593

###!!! [Parent][PContentParent] Error: Send(msgname=PContent::Msg_DestroyBrowsingContextGroup) Closed channel: cannot send/recv


###!!! [Child][PContentChild] Error: Send(msgname=PHttpChannel::Msg___delete__) Channel closing: too late to send/recv, messages will be lost


###!!! [Child][PContentChild] Error: RunMessage(msgname=PHttpChannel::Msg_DeleteSelf) Channel closing: too late to send/recv, messages will be lost


###!!! [Child][PContentChild] Error: RunMessage(msgname=PContent::Reply_DiscardBrowsingContext) Channel closing: too late to send/recv, messages will be lost


###!!! [Child][PContentChild] Error: Send(msgname=PBrowser::Msg___delete__) Channel closing: too late to send/recv, messages will be lost

1660913683109	geckodriver	INFO	Listening on 127.0.0.1:65068
1660913686150	mozrunner::runner	INFO	Running command: "C:\\Program Files\\Mozilla Firefox\\firefox.exe" "--marionette" "--remote-debugging-port" "65069" "-no-remote" "-profile" "C:\\Users\\Ozerovs\\AppData\\Local\\Temp\\rust_mozprofileKpW1ML"
1660913686529	Marionette	INFO	Marionette enabled
console.warn: SearchSettings: "get: No settings file exists, new profile?" (new NotFoundError("Could not open the file at C:\\Users\\Ozerovs\\AppData\\Local\\Temp\\rust_mozprofileKpW1ML\\search.json.mozlz4", (void 0)))
DevTools listening on ws://localhost:65069/devtools/browser/817ff595-0867-48c5-a2b4-95d6983cbc04
1660913688756	Marionette	INFO	Listening on port 65077
1660913688826	RemoteAgent	WARN	TLS certificate errors will be ignored for this session
1660913731231	Marionette	INFO	Stopped listening on port 65071660913732720	mozrunner::runner	INFO	Running command: "C:\\Program Files\\Mozilla Firefox\\firefox.exe" "--marionette" "--remote-debugging-port" "65261" "-no-remote" "-profile" "C:\\Users\\Ozerovs\\AppData\\Local\\Temp\\rust_mozprofilehHcQGm"
1660913733114	Marionette	INFO	Marionette enabled
console.warn: SearchSettings: "get: No settings file exists, new profile?" (new NotFoundError("Could not open the file at C:\\Users\\Ozerovs\\AppData\\Local\\Temp\\rust_mozprofilehHcQGm\\search.json.mozlz4", (void 0)))
DevTools listening on ws://localhost:65261/devtools/browser/1d05a8db-e0b6-45e2-abbe-01e5e9d1afeb
1660913735640	Marionette	INFO	Listening on port 65276
1660913735885	RemoteAgent	WARN	TLS certificate errors will be ignored for this session
JavaScript error: resource://gre/modules/AsyncShutdown.jsm, line 575: NotFoundError: No such JSWindowActor 'DevToolsFrame'
JavaScript error: resource://gre/modules/AsyncShutdown.jsm, line 575: NotFoundError: No such JSWindowActor 'DevToolsFrame'
1660914284211	Marionette	INFO	Stopped listening on port 65276
console.warn: TopSitesFeed: Failed to fetch data from Contile server: NetworkError when attempting to fetch resource.
1660914285573	geckodriver	INFO	Listening on 127.0.0.1:49751
1660914288647	mozrunner::runner	INFO	Running command: "C:\\Program Files\\Mozilla Firefox\\firefox.exe" "--marionette" "--remote-debugging-port" "49752" "-no-remote" "-profile" "C:\\Users\\Ozerovs\\AppData\\Local\\Temp\\rust_mozprofileYap8Qy"
1660914289064	Marionette	INFO	Marionette enabled
console.warn: SearchSettings: "get: No settings file exists, new profile?" (new NotFoundError("Could not open the file at C:\\Users\\Ozerovs\\AppData\\Local\\Temp\\rust_mozprofileYap8Qy\\search.json.mozlz4", (void 0)))
DevTools listening on ws://localhost:49752/devtools/browser/65f45ad0-07c0-431c-9456-75396d978243
1660914290964	Marionette	INFO	Listening on port 49758
1660914291328	RemoteAgent	WARN	TLS certificate errors will be ignored for this session
JavaScript error: resource://gre/modules/AsyncShutdown.jsm, 1660914969448	mozrunner::runner	INFO	Running command: "C:\\Program Files\\Mozilla Firefox\\firefox.exe" "--marionette" "--remote-debugging-port" "60354" "-no-remote" "-profile" "C:\\Users\\Ozerovs\\AppData\\Local\\Temp\\rust_mozprofile56IZN7"
1660914969922	Marionette	INFO	Marionette enabled
console.warn: SearchSettings: "get: No settings file exists, new profile?" (new NotFoundError("Could not open the file at C:\\Users\\Ozerovs\\AppData\\Local\\Temp\\rust_mozprofile56IZN7\\search.json.mozlz4", (void 0)))
DevTools listening on ws://localhost:60354/devtools/browser/d80932ec-6c0f-488d-b754-c4c4647e5b77
1660914972059	Marionette	INFO	Listening on port 60372
1660914972154	RemoteAgent	WARN	TLS certificate errors will be ignored for this session
JavaScript error: resource://gre/modules/AsyncShutdown.jsm, line 575: NotFoundError: No such JSWindowActor 'DevToolsFrame'
JavaScript error: resource://gre/modules/AsyncShutdown.jsm, line 575: NotFoundError: No such JSWindowActor 'DevToolsFrame'
1660915150929	Marionette	INFO	Stopped listening on port 60372

###!!! [Parent][PContentParent] Error: Send(msgname=PContent::Msg_DestroyBrowsingContextGroup) Closed channel: cannot send/recv

1660915152174	geckodriver	INFO	Listening on 127.0.0.1:59034
1660915155268	mozrunner::runner	INFO	Running command: "C:\\Program Files\\Mozilla Firefox\\firefox.exe" "--marionette" "--remote-debugging-port" "59035" "-no-remote" "-profile" "C:\\Users\\Ozerovs\\AppData\\Local\\Temp\\rust_mozprofileQOigyT"
1660915155611	Marionette	INFO	Marionette enabled
console.warn: SearchSettings: "get: No settings file exists, new profile?" (new NotFoundError("Could not open the file at C:\\Users\\Ozerovs\\AppData\\Local\\Temp\\rust_mozprofileQOigyT\\search.json.mozlz4", (void 0)))
1660915165636	geckodriver	INFO	Listening on 127.0.0.1:59066
1660915168721	mozrunner::runner	INFO	Running command: "C:\\Program Files\\Mozilla Firefox\\firefox.exe" "--marionette" "--remote-debugging-port" "59067" "-no-remote" "-profile" "C:\\Users\\Ozerovs\\AppData\\Local\\Temp\\rust_mozprofile0AXKV3"
1660915169119	Marionette	INFO	Marionette enabled
console.warn: SearchSettings: "get: No settings file exists, new profile?" (new NotFoundError("Could not open the file at C:\\Users\\Ozerovs\\AppData\\Local\\Temp\\rust_mozprofile0AXKV3\\search.json.mozlz4", (void 0)))
DevTools listening on ws://localhost:59067/devtools/browser/e73767c0-58be-4fec-a5f6-ae9e506a8db7
1660915171090	Marionette	INFO	Listening on port 59073
1660915171427	RemoteAgent	WARN	TLS certificate errors will be ignored for this session
[Child 3140, MediaDecoderStateMachine #1] WARNING: 1d147c2d2e0 Could not set cubeb stream name.: file /builds/worker/checkouts/gecko/dom/media/AudioStream.cpp:330
1660915457260	Marionette	INFO	Stopped listening on port 59073
console.warn: TopSitesFeed: Failed to fetch data from Contile server: NetworkError when attempting to fetch resource.
1660915532570	geckodriver	INFO	Listening on 127.0.0.1:59477
1660915535663	mozrunner::runner	INFO	Running command: "C:\\Program Files\\Mozilla Firefox\\firefox.exe" "--marionette" "--remote-debugging-port" "59478" "-no-remote" "-profile" "C:\\Users\\Ozerovs\\AppData\\Local\\Temp\\rust_mozprofileu6aeJN"
1660915536040	Marionette	INFO	Marionette enabled
console.warn: SearchSettings: "get: No settings file exists, new profile?" (new NotFoundError("Could not open the file at C:\\Users\\Ozerovs\\AppData\\Local\\Temp\\rust_mozprofileu6aeJN\\search.json.mozlz4", (void 0)))
DevTools listening on ws://localhost:59478/devtools/browser/9f27719c-17e5-46c5-a426-402f8c83412b
1660915537932	Marionette	INFO	Listening on port 59485
1660915538371	RemoteAgent	WARN	TLS certificate errors will be ignored for this session
JavaScript error: resource://gre/modules/AsyncShutdown.jsm, 1660915769397	mozrunner::runner	INFO	Running command: "C:\\Program Files\\Mozilla Firefox\\firefox.exe" "--marionette" "--remote-debugging-port" "59808" "-no-remote" "-profile" "C:\\Users\\Ozerovs\\AppData\\Local\\Temp\\rust_mozprofileyi8dIu"
1660915769798	Marionette	INFO	Marionette enabled
console.warn: SearchSettings: "get: No settings file exists, new profile?" (new NotFoundError("Could not open the file at C:\\Users\\Ozerovs\\AppData\\Local\\Temp\\rust_mozprofileyi8dIu\\search.json.mozlz4", (void 0)))
DevTools listening on ws://localhost:59808/devtools/browser/10824644-12f5-4458-beae-8b72fa0e3c52
1660915771702	Marionette	INFO	Listening on port 59822
1660915772082	RemoteAgent	WARN	TLS certificate errors will be ignored for this session
1660915830226	Marionette	INFO	Stopped listening on port 59822
v, messages will be lost


###!!! [Child][PContentChild] Error: RunMessage(msgname=PHttpChannel::Msg_DeleteSelf) Channel closing: too late to send/recv, messages will be lost


###!!! [Child][PContentChild] Error: Send(msgname=PContent::Msg_ScriptError) Channel closing: too late to send/recv, messages will be lost


###!!! [Child][PContentChild] Error: RunMessage(msgname=PHttpChannel::Msg_DeleteSelf) Channel closing: too late to send/recv, messages will be lost


###!!! [Child][PContentChild] Error: RunMessage(msgname=PHttpChannel::Msg_DeleteSelf) Channel closing: too late to send/recv, messages will be lost


###!!! [Child][PContentChild] Error: RunMessage(msgname=PHttpChannel::Msg_DeleteSelf) Channel closing: too late to send/recv, messages will be lost


###!!! [Child][PContentChild] Error: RunMessage(msgname=PContent::Reply_DiscardBrowsingContext) Channel closing: too late to send/recv, messages will be lost


###!!! [Child][PContentChild] Error: Send(msgname=PBrowser::Msg___delete__) Channel closing: too late to send/recv, messages will be lost


###!!! [Parent][PContentParent] Error: Send(msgname=PContent::Msg_DestroyBrowsingContextGroup) Closed channel: cannot send/recv

1660915828533	geckodriver	INFO	Listening on 127.0.0.1:60027
1660915831571	mozrunner::runner	INFO	Running command: "C:\\Program Files\\Mozilla Firefox\\firefox.exe" "--marionette" "--remote-debugging-port" "60028" "-no-remote" "-profile" "C:\\Users\\Ozerovs\\AppData\\Local\\Temp\\rust_mozprofileONmLf0"
1660915831982	Marionette	INFO	Marionette enabled
console.warn: SearchSettings: "get: No settings file exists, new profile?" (new NotFoundError("Could not open the file at C:\\Users\\Ozerovs\\AppData\\Local\\Temp\\rust_mozprofileONmLf0\\search.json.mozlz4", (void 0)))
DevTools listening on ws://localhost:60028/devtools/browser/984fa36c-9ccc-4938-ad99-9f087b575914
1660915833866	Marionette	INFO	Listening on port 60034
1660915834259	RemoteAgent	WARN	TLS certificate errors will be ignored for this session
JavaScript error: resource://gre/modules/AsyncShutdown.jsm, line 575: NotFoundError: No such JSWindowActor 'DevToolsFrame'
JavaScript error: resource://gre/modules/AsyncShutdown.jsm, line 575: NotFoundError: No such JSWindowActor 'DevToolsFrame'
1660916064306	Marionette	INFO	Stopped listening on port 60034
[Parent 2448, IPC I/O Parent] WARNING: file /builds/worker/checkouts/gecko/ipc/chromium/src/base/process_util_win.cc:167
1660916089931	geckodriver	INFO	Listening on 127.0.0.1:60414
1660916093037	mozrunner::runner	INFO	Running command: "C:\\Program Files\\Mozilla Firefox\\firefox.exe" "--marionette" "--remote-debugging-port" "60415" "-no-remote" "-profile" "C:\\Users\\Ozerovs\\AppData\\Local\\Temp\\rust_mozprofileFwlSNo"
1660916093420	Marionette	INFO	Marionette enabled
console.warn: SearchSettings: "get: No settings file exists, new profile?" (new NotFoundError("Could not open the file at C:\\Users\\Ozerovs\\AppData\\Local\\Temp\\rust_mozprofileFwlSNo\\search.json.mozlz4", (void 0)))
DevTools listening on ws://localhost:60415/devtools/browser/74dd2972-7e48-4d88-b0aa-a14c6fc10fe9
1660916095360	Marionette	INFO	Listening on port 60423
1660916095737	RemoteAgent	WARN	TLS certificate errors will be ignored for this session
1660916312252	Marionette	INFO	Stopped listening on port 60423

###!!! [Child][PContentChild] Error: Send(msgname=PHttpChannel::Msg___delete__) Channel closing: too late to send/recv, messages will be lost


###!!! [Child][PContentChild] Error: RunMessage(msgname=PHttpChannel::Msg_DeleteSelf) Channel closing: too late to send/recv, messages will be lost


###!!! [Child][PContentChild] Error: RunMessage(msgname=PHttpChannel::Msg_DeleteSelf) Channel closing: too late to send/recv, messages will be lost


###!!! [Child][PContentChild] Error: RunMessage(msgname=PHttpChannel::Msg_DeleteSelf) Channel closing: too late to send/recv, messages will be lost


###!!! [Child][PContentChild] Error: RunMessage(msgname=PHttpChannel::Msg_DeleteSelf) Channel closing: too late to send/recv, messages will be lost


###!!! [Child][PContentChild] Error: RunMessage(msgname=PContent::Reply_DiscardBrowsingContext) Channel closing: too late to send/recv, messages will be l[Child 9880, MediaDecoderStateMachine #1] WARNING: 1d83b38fac0 Could not set cubeb stream name.: file /builds/worker/checkouts/gecko/dom/media/AudioStream.cpp:330
[Child 9880, MediaDecoderStateMachine #1] WARNING: 1d836a03660 Could not set cubeb stream name.: file /builds/worker/checkouts/gecko/dom/media/AudioStream.cpp:330
JavaScript error: resource://gre/modules/AsyncShutdown.jsm, line 575: NotFoundError: No such JSWindowActor 'DevToolsFrame'
JavaScript error: resource://gre/modules/AsyncShutdown.jsm, line 575: NotFoundError: No such JSWindowActor 'DevToolsFrame'
1660916401368	Marionette	INFO	Stopped listening on port 60753

###!!! [Child][PContentChild] Error: RunMessage(msgname=PHttpChannel::Msg_DeleteSelf) Channel closing: too late to send/recv, messages will be lost


###!!! [Child][PContentChild] Error: RunMessage(msgname=PHttpChannel::Msg_DeleteSelf) Channel closing: too late to send/recv, messages will be lost


###!!! [Child][PContentChild] Error: RunMessage(msgname=PHttpChannel::Msg_DeleteSelf) Channel closing: too late to send/recv, messages will be lost


###!!! [Child][PContentChild] Error: RunMessage(msgname=PHttpChannel::Msg_DeleteSelf) Channel closing: too late to send/recv, messages will be lost


###!!! [Child][PContentChild] Error: RunMessage(msgname=PHttpChannel::Msg_DeleteSelf) Channel closing: too late to send/recv, messages will be lost


###!!! [Child][PContentChild] Error: RunMessage(msgname=PContent::Reply_DiscardBrowsingContext) Channel closing: too late to send/recv, messages will be lost


###!!! [Child][PContentChild] Error: Send(msgname=PBrowser::Msg___delete__) Channel closing: too late to send/recv, messages will be lost


###!!! [Parent][PContentParent] Error: Send(msgname=PContent::Msg_DestroyBrowsingContextGroup) Closed channel: cannot send/recv

1660916402439	geckodriver	INFO	Listening on 127.0.0.1:61014
1660916405519	mozrunner::runner	INFO	Running command: "C:\\Program Files\\Mozilla Firefox\\firefox.exe" "--marionette" "--remote-debugging-port" "61015" "-no-remote" "-profile" "C:\\Users\\Ozerovs\\AppData\\Local\\Temp\\rust_mozprofileWfhInY"
1660916405884	Marionette	INFO	Marionette enabled
console.warn: SearchSettings: "get: No settings file exists, new profile?" (new NotFoundError("Could not open the file at C:\\Users\\Ozerovs\\AppData\\Local\\Temp\\rust_mozprofileWfhInY\\search.json.mozlz4", (void 0)))
DevTools listening on ws://localhost:61015/devtools/browser/a5cc3ad0-836e-4b2e-a3d3-086cf6b4e015
1660916407768	Marionette	INFO	Listening on port 61021
1660916408201	RemoteAgent	WARN	TLS certificate errors will be ignored for this session
[Child 10992, MediaDecoderStateMachine #1] WARNING: 2029ef3c820 Could not set cubeb stream name.: file /builds/worker/checkouts/gecko/dom/media/AudioStream.cpp:330
1660916446370	Marionette	INFO	Stopped listening on port 61021
1660916447271	geckodriver	INFO	Listening on 127.0.0.1:61206
1660916450366	mozrunner::runner	INFO	Running command: "C:\\Program Files\\Mozilla Firefox\\firefox.exe" "--marionette" "--remote-debugging-port" "61207" "-no-remote" "-profile" "C:\\Users\\Ozerovs\\AppData\\Local\\Temp\\rust_mozprofileNfdVOe"
1660916450719	Marionette	INFO	Marionette enabled
console.warn: SearchSettings: "get: No settings file exists, new profile?" (new NotFoundError("Could not open the file at C:\\Users\\Ozerovs\\AppData\\Local\\Temp\\rust_mozprofileNfdVOe\\search.json.mozlz4", (void 0)))
DevTools listening on ws://localhost:61207/devtools/browser/6e3c0f14-90f1-4ac8-b0af-4aaaba23b41d
1660916452667	Marionette	INFO	Listening on port 61214
1660916453049	RemoteAgent	WARN	TLS certificate errors will be ignored for this session
[Child 13044, MediaDecoderStateMachine #1] WARNING: 1f8f4fb3d60 Could not set cubeb stream name.: file /builds/worker/checkouts/gecko/dom/media/AudioStream.cpp:330
1660916626185	Marionette	INFO	Stopped listening on port 61214

###!!! [Child][PContentChild] Error: RunMessage(msgname=PHttpChannel::Msg_DeleteSelf) Channel closing: too late to send/recv, messages will be lost


###!!! [Parent][PContentParent] Error: Send(msgname=PContent::Msg_DestroyBrowsingContextGroup) Closed channel: cannot send/recv


###!!! [Child][PContentChild] Error: RunMessage(msgname=PHttpChannel::Msg_DeleteSelf) Channel closing: too late to send/recv, messages will be lost


###!!! [Child][PContentChild] Error: RunMessage(msgname=PHttpChannel::Msg_DeleteSelf) Channel closing: too late to send/recv, messages will be lost


###!!! [Child][PContentChild] Error: RunMessage(msgname=PHttpChannel::Msg_DeleteSelf) Channel closing: too late to send/recv, messages will be lost


###!!! [Child][PContentChild] Error: RunMessage(msgname=PContent::Reply_DiscardBrowsingContext) Channel closing: too late to send/recv, messages will be lost


###!!! [Child][PContentChild] Error: Send(msgname=PBrowser::Msg___delete__) Channel closing: too late to send/recv, messages will be lost

1660916627328	geckodriver	INFO	Listening on 127.0.0.1:61525
1660916630426	mozrunner::runner	INFO	Running command: "C:\\Program Files\\Mozilla Firefox\\firefox.exe" "--marionette" "--remote-debugging-port" "61526" "-no-remote" "-profile" "C:\\Users\\Ozerovs\\AppData\\Local\\Temp\\rust_mozprofile4kB2fA"
1660916630821	Marionette	INFO	Marionette enabled
console.warn: SearchSettings: "get: No settings file exists, new profile?" (new NotFoundError("Could not open the file at C:\\Users\\Ozerovs\\AppData\\Local\\Temp\\rust_mozprofile4kB2fA\\search.json.mozlz4", (void 0)))
DevTools listening on ws://localhost:61526/devtools/browser/49f45b94-6fb7-4668-b8b2-5c54480ec62e
1660916632690	Marionette	INFO	Listening on port 61532
1660916633140	RemoteAgent	WARN	TLS certificate errors will be ignored for this session
[Child 8060, MediaDecoderStateMachine #1] WARNING: 1e27176c9e0 Could not set cubeb stream name.: file /builds/worker/checkouts/gecko/dom/media/AudioStream.cpp:330
1660916704112	Marionette	INFO	Stopped listening on port 61532

###!!! [Parent][PContentParent] Error: Send(msgname=PContent::Msg_DestroyBrowsingContextGroup) Closed channel: cannot send/recv


###!!! [Child][PContentChild] Error: RunMessage(msgname=PHttpChannel::Msg_DeleteSelf) Channel closing: too late to send/recv, messages will be lost


###!!! [Child][PContentChild] Error: RunMessage(msgname=PHttpChannel::Msg_DeleteSelf) Channel closing: too late to send/recv, messages will be lost


###!!! [Child][PContentChild] Error: RunMessage(msgname=PHttpChannel::Msg_DeleteSelf) Channel closing: too late to send/recv, messages will be lost


###!!! [Child][PContentChild] Error: RunMessage(msgname=PHttpChannel::Msg_DeleteSelf) Channel closing: too late to send/recv, messages will be lost


###!!! [Child][PContentChild] Error: RunMessage(msgname=PHttpChannel::Msg_DeleteSelf) Channel closing: too late to send/recv, messages will be lost


###!!! [Child][PContentChild] Error: RunMessage(msgname=PContent::Reply_DiscardBrowsingContext) Channel closing: too late to send/recv, messages will be lost


###!!! [Child][PContentChild] Error: Send(msgname=PBrowser::Msg___delete__) Channel closing: too late to send/recv, messages will be lost

1660916709644	geckodriver	INFO	Listening on 127.0.0.1:61777
1660916712728	mozrunner::runner	INFO	Running command: "C:\\Program Files\\Mozilla Firefox\\firefox.exe" "--marionette" "--remote-debugging-port" "61778" "-no-remote" "-profile" "C:\\Users\\Ozerovs\\AppData\\Local\\Temp\\rust_mozprofiletmqEWX"
1660916713128	Marionette	INFO	Marionette enabled
1660916727245	geckodriver	INFO	Listening on 127.0.0.1:61804
1660916730280	mozrunner::runner	INFO	Running command: "C:\\Program Files\\Mozilla Firefox\\firefox.exe" "--marionette" "--remote-debugging-port" "61805" "-no-remote" "-profile" "C:\\Users\\Ozerovs\\AppData\\Local\\Temp\\rust_mozprofileKcc5Zy"
1660916730626	Marionette	INFO	Marionette enabled
console.warn: SearchSettings: "get: No settings file exists, new profile?" (new NotFoundError("Could not open the file at C:\\Users\\Ozerovs\\AppData\\Local\\Temp\\rust_mozprofileKcc5Zy\\search.json.mozlz4", (void 0)))
DevTools listening on ws://localhost:61805/devtools/browser/25dc050d-eafd-47c9-99f7-c16aee8b6fff
1660916732500	Marionette	INFO	Listening on port 61811
1660916732984	RemoteAgent	WARN	TLS certificate errors will be ignored for this session
[Child 6736, MediaDecoderStateMachine #1] WARNING: 239c11644a0 Could not set cubeb stream name.: file /builds/worker/checkouts/gecko/dom/media/AudioStream.cpp:330
1660916796966	Marionette	INFO	Stopped listening on port 61811660916798123	mozrunner::runner	INFO	Running command: "C:\\Program Files\\Mozilla Firefox\\firefox.exe" "--marionette" "--remote-debugging-port" "62010" "-no-remote" "-profile" "C:\\Users\\Ozerovs\\AppData\\Local\\Temp\\rust_mozprofileLv5rYo"
1660916798471	Marionette	INFO	Marionette enabled
console.warn: SearchSettings: "get: No settings file exists, new profile?" (new NotFoundError("Could not open the file at C:\\Users\\Ozerovs\\AppData\\Local\\Temp\\rust_mozprofileLv5rYo\\search.json.mozlz4", (void 0)))
DevTools listening on ws://localhost:62010/devtools/browser/b3c07535-5395-4fa6-8246-3dae6c2291de
1660916800369	Marionette	INFO	Listening on port 62024
1660916800804	RemoteAgent	WARN	TLS certificate errors will be ignored for this session
[Child 11044, MediaDecoderStateMachine #1] WARNING: 2ac29c70ba0 Could not set cubeb stream name.: file /builds/worker/checkouts/gecko/dom/media/AudioStream.cpp:330
1660917000712	Marionette	INFO	Stopped listening on port 62024

###!!! [Parent][PContentParent] Error: Send(msgname=PContent::Msg_DestroyBrowsingContextGroup) Closed channel: cannot send/recv


###!!! [Child][PContentChild] Error: RunMessage(msgname=PHttpChannel::Msg_DeleteSelf) Channel closing: too late to send/recv, messages will be lost


###!!! [Child][PContentChild] Error: RunMessage(msgname=PHttpChannel::Msg_DeleteSelf) Channel closing: too late to send/recv, messages will be lost


###!!! [Child][PContentChild] Error: RunMessage(msgname=PHttpChannel::Msg_DeleteSelf) Channel closing: too late to send/recv, messages will be lost


###!!! [Child][PContentChild] Error: RunMessage(msgname=PHttpChannel::Msg_DeleteSelf) Channel closing: too late to send/recv, messages will be lost


###!!! [Child][PContentChild] Error: Send(msgname=PContent::Msg_ScriptError) Channel closing: too late to send/recv, messages will be lost


###!!! [Child][PContentChild] Error: RunMessage(msgname=PHttpChannel::Msg_DeleteSelf) Channel closing: too late to send/recv, messages will be lost


###!!! [Child][PContentChild] Error: RunMessage(msgname=PHttpChannel::Msg_DeleteSelf) Channel closing: too late to send/recv, messages will be lost


###!!! [Child][PContentChild] Error: RunMessage(msgname=PContent::Reply_DiscardBrowsingContext) Channel closing: too late to send/recv, messages will be lost


###!!! [Child][PContentChild] Error: Send(msgname=PBrowser::Msg___delete__) Channel closing: too late to send/recv, messages will be lost

1660917002300	geckodriver	INFO	Listening on 127.0.0.1:62307
1660917005395	mozrunner::runner	INFO	Running command: "C:\\Program Files\\Mozilla Firefox\\firefox.exe" "--marionette" "--remote-debugging-port" "62308" "-no-remote" "-profile" "C:\\Users\\Ozerovs\\AppData\\Local\\Temp\\rust_mozprofileekgbfV"
1660917005783	Marionette	INFO	Marionette enabled
console.warn: SearchSettings: "get: No settings file exists, new profile?" (new NotFoundError("Could not open the file at C:\\Users\\Ozerovs\\AppData\\Local\\Temp\\rust_mozprofileekgbfV\\search.json.mozlz4", (void 0)))
DevTools listening on ws://localhost:62308/devtools/browser/005e5dc3-a0ef-4675-bd2f-2da8ef27055a
1660917007685	Marionette	INFO	Listening on port 62315
1660917008093	RemoteAgent	WARN	TLS certificate errors will be ignored for this session
[Child 3640, MediaDecoderStateMachine #1] WARNING: 154e64fbac0 Could not set cubeb stream name.: file /builds/worker/checkouts/gecko/dom/media/AudioStream.cpp:330
[Child 3640, MediaDecoderStateMachine #1] WARNING: 154e64fbac0 Could not set cubeb stream name.: file /builds/worker/checkouts/gecko/dom/media/AudioStream.cpp:330
1660917078989	Marionette	INFO	Stopped listening on port 62315

###!!! [Child][PContentChild] Error: RunMessage(msgname=PContent::Reply_DiscardBrowsingContext) Channel closing: too late to send/recv, messages will be lost


###!!! [Child][PContentChild] Error: RunMessage(msgname=PHttpChannel::Msg_DeleteSelf) Channel closing: too late to send/recv, messages will be lost


###!!! [Child][PContentChild] Error: RunMessage(msgname=PHttpChannel::Msg_DeleteSelf) Channel closing: too late to send/recv, messages will be lost


###!!! [Child][PContentChild] Error: RunMessage(msgname=PHttpChannel::Msg_DeleteSelf) Channel closing: too late to send/recv, messages will be lost


###!!! [Child][PContentChild] Error: RunMessage(msgname=PHttpChannel::Msg_DeleteSelf) Channel closing: too late to send/recv, messages will be lost


###!!! [Child][PContentChild] Error: RunMessage(msgname=PHttpChannel::Msg_DeleteSelf) Channel closing: too late to send/recv, messages will be lost


###!!! [Child][PContentChild] Error: RunMessage(msgname=PHttpChannel::Msg_DeleteSelf) Channel closing: too late to send/recv, messages will be lost


###!!! [Child][PContentChild] Error: RunMessage(msgname=PContent::Msg_DestroyBrowsingContextGroup) Channel closing: too late to send/recv, messages will be lost

1660917080863	geckodriver	INFO	Listening on 127.0.0.1:62528
1660917083944	mozrunner::runner	INFO	Running command: "C:\\Program Files\\Mozilla Firefox\\firefox.exe" "--marionette" "--remote-debugging-port" "62529" "-no-remote" "-profile" "C:\\Users\\Ozerovs\\AppData\\Local\\Temp\\rust_mozprofileyFOIsj"
1660917084293	Marionette	INFO	Marionette enabled
console.warn: SearchSettings: "get: No settings file exists, new profile?" (new NotFoundError("Could not open the file at C:\\Users\\Ozerovs\\AppData\\Local\\Temp\\rust_mozprofileyFOIsj\\search.json.mozlz4", (void 0)))
DevTools listening on ws://localhost:62529/devtools/browser/41d93159-1e0c-4de9-b989-e328dec20cba
1660917086259	Marionette	INFO	Listening on port 62535
1660917086641	RemoteAgent	WARN	TLS certificate errors will be ignored for this session
[Child 9612, MediaDecoderStateMachine #1] WARNING: 1efd806a9e0 Could not set cubeb stream name.: file /builds/worker/checkouts/gecko/dom/media/AudioStream.cpp:330
[Child 9612, MediaDecoderStateMachine #1] WARNING: 1efdca06900 Could not set cubeb stream name.: file /builds/worker/checkouts/gecko/dom/media/AudioStream.cpp:330
1660917176424	Marionette	INFO	Stopped listening on port 62535

###!!! [Child][PContentChild] Error: RunMessage(msgname=PHttpChannel::Msg_DeleteSelf) Channel closing: too late to send/recv, messages will be lost


###!!! [Child][PContentChild] Error: RunMessage(msgname=PHttpChannel::Msg_DeleteSelf) Channel closing: too late to send/recv, messages will be lost


###!!! [Child][PContentChild] Error: RunMessage(msgname=PHttpChannel::Msg_DeleteSelf) Channel closing: too late to send/recv, messages will be lost


###!!! [Child][PContentChild] Error: RunMessage(msgname=PHttpChannel::Msg_DeleteSelf) Channel closing: too late to send/recv, messages will be lost


###!!! [Child][PContentChild] Error: RunMessage(msgname=PContent::Reply_DiscardBrowsingContext) Channel closing: too late to send/recv, messages will be lost


###!!! [Child][PContentChild] Error: Send(msgname=PBrowser::Msg___delete__) Channel closing: too late to send/recv, messages will be lost


###!!! [Parent][PContentParent] Error: Send(msgname=PContent::Msg_DestroyBrowsingContextGroup) Closed channel: cannot send/recv

1660917225012	geckodriver	INFO	Listening on 127.0.0.1:62778
1660917228090	mozrunner::runner	INFO	Running command: "C:\\Program Files\\Mozilla Firefox\\firefox.exe" "--marionette" "--remote-debugging-port" "62779" "-no-remote" "-profile" "C:\\Users\\Ozerovs\\AppData\\Local\\Temp\\rust_mozprofileSDqKL1"
1660917228499	Marionette	INFO	Marionette enabled
console.warn: SearchSettings: "get: No settings file exists, new profile?" (new NotFoundError("Could not open the file at C:\\Users\\Ozerovs\\AppData\\Local\\Temp\\rust_mozprofileSDqKL1\\search.json.mozlz4", (void 0)))
DevTools listening on ws://localhost:62779/devtools/browser/edcf85e0-3875-472e-9fc5-d72e9645aa55
1660917230395	Marionette	INFO	Listening on port 62786
1660917230788	RemoteAgent	WARN	TLS certificate errors will be ignored for this session
1660917341719	Marionette	INFO	Stopped listening on port 62781660917343407	mozrunner::runner	INFO	Running command: "C:\\Program Files\\Mozilla Firefox\\firefox.exe" "--marionette" "--remote-debugging-port" "63003" "-no-remote" "-profile" "C:\\Users\\Ozerovs\\AppData\\Local\\Temp\\rust_mozprofile94RDeD"
1660917343758	Marionette	INFO	Marionette enabled
console.warn: SearchSettings: "get: No settings file exists, new profile?" (new NotFoundError("Could not open the file at C:\\Users\\Ozerovs\\AppData\\Local\\Temp\\rust_mozprofile94RDeD\\search.json.mozlz4", (void 0)))
DevTools listening on ws://localhost:63003/devtools/browser/0c674511-0cf9-4fea-9e30-db8a65c59671
1660917345634	Marionette	INFO	Listening on port 63018
1660917346089	RemoteAgent	WARN	TLS certificate errors will be ignored for this session
[Child 10072, MediaDecoderStateMachine #1] WARNING: 24e3cd122e0 Could not set cubeb stream name.: file /builds/worker/checkouts/gecko/dom/media/AudioStream.cpp:330
1660917450983	Marionette	INFO	Stopped listening on port 63018

###!!! [Parent][PContentParent] Error: Send(msgname=PContent::Msg_DestroyBrowsingContextGroup) Closed channel: cannot send/recv

1660917561034	geckodriver	INFO	Listening on 127.0.0.1:63375
1660917564104	mozrunner::runner	INFO	Running command: "C:\\Program Files\\Mozilla Firefox\\firefox.exe" "--marionette" "--remote-debugging-port" "63376" "-no-remote" "-profile" "C:\\Users\\Ozerovs\\AppData\\Local\\Temp\\rust_mozprofileIMMwxv"
1660917564467	Marionette	INFO	Marionette enabled
console.warn: SearchSettings: "get: No settings file exists, new profile?" (new NotFoundError("Could not open the file at C:\\Users\\Ozerovs\\AppData\\Local\\Temp\\rust_mozprofileIMMwxv\\search.json.mozlz4", (void 0)))
DevTools listening on ws://localhost:63376/devtools/browser/aadecce9-0bbd-4844-ab27-c34856b94bb1
1660917566367	Marionette	INFO	Listening on port 63383
1660917566787	RemoteAgent	WARN	TLS certificate errors will be ignored for this session
1660917815818	Marionette	INFO	Stopped listening on port 63383
1660917828437	geckodriver	INFO	Listening on 127.0.0.1:63694
1660917831511	mozrunner::runner	INFO	Running command: "C:\\Program Files\\Mozilla Firefox\\firefox.exe" "--marionette" "--remote-debugging-port" "63695" "-no-remote" "-profile" "C:\\Users\\Ozerovs\\AppData\\Local\\Temp\\rust_mozprofileKudVOa"
1660917831837	Marionette	INFO	Marionette enabled
console.warn: SearchSettings: "get: No settings file exists, new profile?" (new NotFoundError("Could not open the file at C:\\Users\\Ozerovs\\AppData\\Local\\Temp\\rust_mozprofileKudVOa\\search.json.mozlz4", (void 0)))
DevTools listening on ws://localhost:63695/devtools/browser/1ddca8fe-aa29-4ba9-92da-829a36525598
1660917833754	Marionette	INFO	Listening on port 63704
1660917834165	RemoteAgent	WARN	TLS certificate errors will be ignored for this session
[Child 9444, MediaDecoderStateMachine #1] WARNING: 1f63253dac0 Could not set cubeb stream name.: file /builds/worker/checkouts/gecko/dom/media/AudioStream.cpp:330
1660917949394	geckodriver	INFO	Listening on 127.0.0.1:63938
1660917952488	mozrunner::runner	INFO	Running command: "C:\\Program Files\\Mozilla Firefox\\firefox.exe" "--marionette" "--remote-debugging-port" "63939" "-no-remote" "-profile" "C:\\Users\\Ozerovs\\AppData\\Local\\Temp\\rust_mozprofileqbzatI"
1660917952841	Marionette	INFO	Marionette enabled
console.warn: SearchSettings: "get: No settings file exists, new profile?" (new NotFoundError("Could not open the file at C:\\Users\\Ozerovs\\AppData\\Local\\Temp\\rust_mozprofileqbzatI\\search.json.mozlz4", (void 0)))
DevTools listening on ws://localhost:63939/devtools/browser/8497303e-c34c-44d0-a9ab-7117c6e3816d
1660917954694	Marionette	INFO	Listening on port 63945
1660917955172	RemoteAgent	WARN	TLS certificate errors will be ignored for this session
[Child 3816, MediaDecoderStateMachine #1] WARNING: 1faaebe82e0 Could not set cubeb stream name.: file /builds/worker/checkouts/gecko/dom/media/AudioStream.cpp:330
1660919060931	Marionette	INFO	Stopped listening on port 63941660919062145	mozrunner::runner	INFO	Running command: "C:\\Program Files\\Mozilla Firefox\\firefox.exe" "--marionette" "--remote-debugging-port" "55643" "-no-remote" "-profile" "C:\\Users\\Ozerovs\\AppData\\Local\\Temp\\rust_mozprofileUrPabW"
1660919062521	Marionette	INFO	Marionette enabled
console.warn: SearchSettings: "get: No settings file exists, new profile?" (new NotFoundError("Could not open the file at C:\\Users\\Ozerovs\\AppData\\Local\\Temp\\rust_mozprofileUrPabW\\search.json.mozlz4", (void 0)))
DevTools listening on ws://localhost:55643/devtools/browser/0510bef3-04de-4266-8283-564cddaae93e
1660919064514	Marionette	INFO	Listening on port 55652
1660919064811	RemoteAgent	WARN	TLS certificate errors will be ignored for this session
JavaScript error: https://abs.twimg.com/responsive-web/client-web-legacy/vendor.ebc23828.js, line 90: Error: ApiError: https://twitter.com/i/api/1.1/attribution/event.json HTTP-403 codes:[1003] trace_ids:[null]
JavaScript error: https://abs.twimg.com/responsive-web/client-web-legacy/vendor.ebc23828.js, line 90: Error: ApiError: https://twitter.com/i/api/1.1/jot/ces/p2 HTTP-403 codes:[1003] trace_ids:[null]
JavaScript error: https://abs.twimg.com/responsive-web/client-web-legacy/vendor.ebc23828.js, line 90: Error: ApiError: https://twitter.com/i/api/1.1/jot/ces/p2 HTTP-403 codes:[1003] trace_ids:[null]
JavaScript error: https://abs.twimg.com/responsive-web/client-web-legacy/vendor.ebc23828.js, line 90: Error: ApiError: https://twitter.com/i/api/1.1/jot/ces/p2 HTTP-403 codes:[1003] trace_ids:[null]
[Child 9124, MediaDecoderStateMachine #1] WARNING: 1a179cb33c0 Could not set cubeb stream name.: file /builds/worker/checkouts/gecko/dom/media/AudioStream.cpp:330
[Child 9124, MediaDecoderStateMachine #1] WARNING: 1a172e58120 Could not set cubeb stream name.: file /builds/worker/checkouts/gecko/dom/media/AudioStream.cpp:330
[Child 9124, MediaDecoderStateMachine #1] WARNING: 1a176cd04a0 Could not set cubeb stream name.: file /builds/worker/checkouts/gecko/dom/media/AudioStream.cpp:330
[Child 9124, MediaDecoderStateMachine #1] WARNING: 1a176cd0660 Could not set cubeb stream name.: file /builds/worker/checkouts/gecko/dom/media/AudioStream.cpp:330
[Child 9124, MediaDecoderStateMachine #1] WARNING: 1a17514c4a0 Could not set cubeb stream name.: file /builds/worker/checkouts/gecko/dom/media/AudioStream.cpp:330
[Child 9124, MediaDecoderStateMachine #1] WARNING: 1a172e58120 Could not set cubeb stream name.: file /builds/worker/checkouts/gecko/dom/media/AudioStream.cpp:330
[Child 9124, MediaDecoderStateMachine #1] WARNING: 1a173242ac0 Could not set cubeb stream name.: file /builds/worker/checkouts/gecko/dom/media/AudioStream.cpp:330
1660919592576	addons.xpi	ERROR	System addon update list error Error: Failed downloading XML, status: 0, reason: timeout
1660920335598	geckodriver	INFO	Listening on 127.0.0.1:56813
1660920338674	mozrunner::runner	INFO	Running command: "C:\\Program Files\\Mozilla Firefox\\firefox.exe" "--marionette" "--remote-debugging-port" "56814" "-no-remote" "-profile" "C:\\Users\\Ozerovs\\AppData\\Local\\Temp\\rust_mozprofileVhAt1u"
1660920339141	Marionette	INFO	Marionette enabled
console.warn: SearchSettings: "get: No settings file exists, new profile?" (new NotFoundError("Could not open the file at C:\\Users\\Ozerovs\\AppData\\Local\\Temp\\rust_mozprofileVhAt1u\\search.json.mozlz4", (void 0)))
DevTools listening on ws://localhost:56814/devtools/browser/7580f2c7-c0ca-408a-bdd9-45838454c5d5
1660920341923	Marionette	INFO	Listening on port 56824
1660920342367	RemoteAgent	WARN	TLS certificate errors will be ignored for this session
console.error: Region.jsm: "Error fetching region" (new Error("TIMEOUT", "resource://gre/modules/Region.jsm", 772))
console.error: Region.jsm: "Failed to fetch region" (new Error("TIMEOUT", "resource://gre/modules/Region.jsm", 419))
1660920351808	Marionette	INFO	Stopped listening on port 56824
console.warn: TopSitesFeed: Failed to fetch data from Contile server: NetworkError when attempting to fetch resource.
console.warn: TopSitesFeed: Failed to fetch data from Contile server: NetworkError when attempting to fetch resource.
JavaScript error: chrome://remote/content/marionette/cert.js, line 55: NS_ERROR_NOT_AVAILABLE: Component returned failure code: 0x80040111 (NS_ERROR_NOT_AVAILABLE) [nsICertOverrideService.setDisableAllSecurityChecksAndLetAttackersInterceptMyData]
1660920441791	geckodriver	INFO	Listening on 127.0.0.1:50681
1660920444853	mozrunner::runner	INFO	Running command: "C:\\Program Files\\Mozilla Firefox\\firefox.exe" "--marionette" "--remote-debugging-port" "50682" "-no-remote" "-profile" "C:\\Users\\Ozerovs\\AppData\\Local\\Temp\\rust_mozprofileq3a0IA"
1660920445215	Marionette	INFO	Marionette enabled
console.warn: SearchSettings: "get: No settings file exists, new profile?" (new NotFoundError("Could not open the file at C:\\Users\\Ozerovs\\AppData\\Local\\Temp\\rust_mozprofileq3a0IA\\search.json.mozlz4", (void 0)))
DevTools listening on ws://localhost:50682/devtools/browser/4bc35a02-8cd4-4347-b0fd-7db7b6acf4f7
1660920447494	Marionette	INFO	Listening on port 50691
1660920447531	RemoteAgent	WARN	TLS certificate errors will be ignored for this session
console.error: Region.jsm: "Error fetching region" (new Error("TIMEOUT", "resource://gre/modules/Region.jsm", 772))
console.error: Region.jsm: "Failed to fetch region" (new Error("TIMEOUT", "resource://gre/modules/Region.jsm", 419))
console.warn: LoginRecipes: "getRecipes: falling back to a synchronous message for:" "https://twitter.com"
console.warn: LoginRecipes: "getRecipes: falling back to a synchronous message for:" "https://twitter.com"
console.warn: LoginRecipes: "getRecipes: falling back to a synchronous message for:" "https://twitter.com"
console.warn: LoginRecipes: "getRecipes: falling back to a synchronous message for:" "https://twitter.com"
console.warn: LoginRecipes: "getRecipes: falling back to a synchronous message for:" "https://accounts.google.com"
console.warn: LoginRecipes: "getRecipes: falling back to a synchronous message for:" "https://accounts.google.com"
JavaScript warning: https://accounts.google.com/ServiceLogin?faa=1&rip=1&continue=https://accounts.google.com/gsi/select?client_id%3D49625052041-kgt0hghf445lmcmhijv46b715m2mpbct.apps.googleusercontent.com%26ux_mode%3Dpopup%26ui_mode%3Dcard%26as%3Dmwl7pSbgHKu8CjDTEEQd5g%26channel_id%3D9f85c225a031d6b43f49c28891083d263ef0543434db39de48381807e10ae37b%26origin%3Dhttps://twitter.com line 2 > eval line 3071 > eval line 1 > eval line 1 > eval, line 1: WEBGL_debug_renderer_info is deprecated in Firefox and will be removed. Please use RENDERER.
console.warn: LoginRecipes: "getRecipes: falling back to a synchronous message for:" "https://twitter.com"
console.warn: LoginRecipes: "getRecipes: falling back to a synchronous message for:" "https://twitter.com"
console.warn: LoginRecipes: "getRecipes: falling back to a synchronous message for:" "https://twitter.com"
console.warn: LoginRecipes: "getRecipes: falling back to a synchronous message for:" "https://twitter.com"
console.warn: LoginRecipes: "getRecipes: falling back to a synchronous message for:" "https://accounts.google.com"
console.warn: LoginRecipes: "getRecipes: falling back to a synchronous message for:" "https://accounts.google.com"
JavaScript warning: https://accounts.google.com/ServiceLogin?faa=1&rip=1&continue=https://accounts.google.com/gsi/select?client_id%3D49625052041-kgt0hghf445lmcmhijv46b715m2mpbct.apps.googleusercontent.com%26ux_mode%3Dpopup%26ui_mode%3Dcard%26as%3DZbm6WPiPI7%252Bx0ReFypF7Ng%26channel_id%3Dedb8ae492eb62f3d47ba673c79dfb115882bb795611c78f36d3a07c2e62279a8%26origin%3Dhttps://twitter.com line 2 > eval line 1706 > eval line 1 > eval line 1 > eval, line 1: WEBGL_debug_renderer_info is deprecated in Firefox and will be removed. Please use RENDERER.
console.warn: LoginRecipes: "getRecipes: falling back to a synchronous message for:" "https://accounts.google.com"
JavaScript warning: https://accounts.google.com/ServiceLogin?faa=1&rip=1&continue=https://accounts.google.com/gsi/select?client_id%3D49625052041-kgt0hghf445lmcmhijv46b715m2mpbct.apps.googleusercontent.com%26ux_mode%3Dpopup%26ui_mode%3Dcard%26as%3DZbm6WPiPI7%252Bx0ReFypF7Ng%26channel_id%3Dedb8ae492eb62f3d47ba673c79dfb115882bb795611c78f36d3a07c2e62279a8%26origin%3Dhttps://twitter.com line 2 > eval line 1781 > eval line 1 > eval line 1 > eval, line 1: WEBGL_debug_renderer_info is deprecated in Firefox and will be removed. Please use RENDERER.
1660920617159	Marionette	WARN	Ignoring event 'DOMContentLoaded' because document has an invalid readyState of 'complete'.
console.warn: LoginRecipes: "getRecipes: falling back to a synchronous message for:" "https://accounts.google.com"
console.warn: LoginRecipes: "getRecipes: falling back to a synchronous message for:" "https://accounts.google.com"
JavaScript warning: https://accounts.google.com/ServiceLogin?faa=1&rip=1&continue=https%3A%2F%2Faccounts.google.com%2Fgsi%2Fselect%3Fclient_id%3D49625052041-kgt0hghf445lmcmhijv46b715m2mpbct.apps.googleusercontent.com%26ux_mode%3Dpopup%26ui_mode%3Dcard%26as%3DZbm6WPiPI7%252Bx0ReFypF7Ng%26channel_id%3Dedb8ae492eb62f3d47ba673c79dfb115882bb795611c78f36d3a07c2e62279a8%26origin%3Dhttps%3A%2F%2Ftwitter.com&flowName=GlifWebSignIn&flowEntry=ServiceLogin line 2 > eval line 3221 > eval line 1 > eval line 1 > eval, line 1: WEBGL_debug_renderer_info is deprecated in Firefox and will be removed. Please use RENDERER.
console.warn: LoginRecipes: "getRecipes: falling back to a synchronous message for:" "https://twitter.com"
console.warn: LoginRecipes: "getRecipes: falling back to a synchronous message for:" "https://twitter.com"
console.warn: LoginRecipes: "getRecipes: falling back to a synchronous message for:" "https://twitter.com"
console.warn: LoginRecipes: "getRecipes: falling back to a synchronous message for:" "https://twitter.com"
JavaScript warning: https://help.twitter.com/etc/clientlibs/dtm/help-twitter/c411b4930511/4121f48d5646/launch-aa3ff817aa50.min.js.twhash.s.f.db6b9881d647494c9b200b7b9f7b9d00.js, line 2: WEBGL_debug_renderer_info is deprecated in Firefox and will be removed. Please use RENDERER.
JavaScript error: resource://gre/actors/SelectChild.jsm, line 104: TypeError: this.element is null
JavaScript warning: https://client-api.arkoselabs.com/cdn/fc/js/500db7d4be231139db8926ba501efe3b0e6b2c83/standard/funcaptcha_api.js?onload=loadChallenge, line 2: WEBGL_debug_renderer_info is deprecated in Firefox and will be removed. Please use RENDERER.
1660920696156	Marionette	INFO	Stopped listening on port 50691
JavaScript error: chrome://remote/content/marionette/cert.js, line 55: NS_ERROR_NOT_AVAILABLE: Component returned failure code: 0x80040111 (NS_ERROR_NOT_AVAILABLE) [nsICertOverrideService.setDisableAllSecurityChecksAndLetAttackersInterceptMyData]

###!!! [Parent][PContentParent] Error: Send(msgname=PContent::Msg_DestroyBrowsingContextGroup) Closed channel: cannot send/recv


###!!! [Child][PContentChild] Error: RunMessage(msgname=PHttpChannel::Msg_DeleteSelf) Channel closing: too late to send/recv, messages will be lost


###!!! [Child][PContentChild] Error: RunMessage(msgname=PContent::Reply_DiscardBrowsingContext) Channel closing: too late to send/recv, messages will be lost


###!!! [Child][PContentChild] Error: RunMessage(msgname=PHttpChannel::Msg_DeleteSelf) Channel closing: too late to send/recv, messages will be lost


###!!! [Child][PContentChild] Error: RunMessage(msgname=PHttpChannel::Msg_DeleteSelf) Channel closing: too late to send/recv, messages will be lost

1660920746677	geckodriver	INFO	Listening on 127.0.0.1:51038
1660920749715	mozrunner::runner	INFO	Running command: "C:\\Program Files\\Mozilla Firefox\\firefox.exe" "--marionette" "--remote-debugging-port" "51039" "-no-remote" "-profile" "C:\\Users\\Ozerovs\\AppData\\Local\\Temp\\rust_mozprofileSt07HV"
1660920750061	Marionette	INFO	Marionette enabled
console.warn: SearchSettings: "get: No settings file exists, new profile?" (new NotFoundError("Could not open the file at C:\\Users\\Ozerovs\\AppData\\Local\\Temp\\rust_mozprofileSt07HV\\search.json.mozlz4", (void 0)))
DevTools listening on ws://localhost:51039/devtools/browser/61585f30-8e50-438c-8d5a-28fe9064c65d
1660920751937	Marionette	INFO	Listening on port 51044
1660920752404	RemoteAgent	WARN	TLS certificate errors will be ignored for this session
[Child 3448, MediaDecoderStateMachine #1] WARNING: 1a32af20ac0 Could not set cubeb stream name.: file /builds/worker/checkouts/gecko/dom/media/AudioStream.cpp:330
1660921103138	geckodriver	INFO	Listening on 127.0.0.1:51246
1660921106187	mozrunner::runner	INFO	Running command: "C:\\Program Files\\Mozilla Firefox\\firefox.exe" "--marionette" "--remote-debugging-port" "51247" "-no-remote" "-profile" "C:\\Users\\Ozerovs\\AppData\\Local\\Temp\\rust_mozprofileAucqCG"
1660921106546	Marionette	INFO	Marionette enabled
console.warn: SearchSettings: "get: No settings file exists, new profile?" (new NotFoundError("Could not open the file at C:\\Users\\Ozerovs\\AppData\\Local\\Temp\\rust_mozprofileAucqCG\\search.json.mozlz4", (void 0)))
DevTools listening on ws://localhost:51247/devtools/browser/1912161d-27b1-4c68-92fa-16eba3fd7a23
1660921108511	Marionette	INFO	Listening on port 51254
1660921108850	RemoteAgent	WARN	TLS certificate errors will be ignored for this session
console.warn: LoginRecipes: "getRecipes: falling back to a synchronous message for:" "https://twitter.com"
console.warn: LoginRecipes: "getRecipes: falling back to a synchronous message for:" "https://twitter.com"
console.warn: LoginRecipes: "getRecipes: falling back to a synchronous message for:" "https://accounts.google.com"
console.warn: LoginRecipes: "getRecipes: falling back to a synchronous message for:" "https://accounts.google.com"
JavaScript warning: https://accounts.google.com/ServiceLogin?faa=1&rip=1&continue=https://accounts.google.com/gsi/select?client_id%3D49625052041-kgt0hghf445lmcmhijv46b715m2mpbct.apps.googleusercontent.com%26ux_mode%3Dpopup%26ui_mode%3Dcard%26as%3DPfJa00oMsgmfjCSixZ23MQ%26channel_id%3Dd0c64cbe1ddb19ee660009c1cbf0fab45c6223ba0986de5402c216c4f79378df%26origin%3Dhttps://twitter.com line 2 > eval line 2179 > eval line 1 > eval line 1 > eval, line 1: WEBGL_debug_renderer_info is deprecated in Firefox and will be removed. Please use RENDERER.
1660921435827	Marionette	INFO	Stopped listening on port 51254
console.warn: TopSitesFeed: Failed to fetch data from Contile server: NetworkError when attempting to fetch resource.
JavaScript error: chrome://remote/content/marionette/cert.js, line 55: NS_ERROR_NOT_AVAILABLE: Component returned failure code: 0x80040111 (NS_ERROR_NOT_AVAILABLE) [nsICertOverrideService.setDisableAllSecurityChecksAndLetAttackersInterceptMyData]

###!!! [Child][PContentChild] Error: RunMessage(msgname=PContent::Msg_DestroyBrowsingContextGroup) Channel closing: too late to send/recv, messages will be lost


###!!! [Parent][PGPUParent] Error: RunMessage(msgname=PGPU::Msg_ShutdownVR) Channel closing: too late to send/recv, messages will be lost

1661166238238	geckodriver	INFO	Listening on 127.0.0.1:53512
1661166271678	geckodriver	INFO	Listening on 127.0.0.1:58758
1661166274724	mozrunner::runner	INFO	Running command: "C:\\Program Files\\Mozilla Firefox\\firefox.exe" "--marionette" "--remote-debugging-port" "58759" "-no-remote" "-profile" "C:\\Users\\Ozerovs\\AppData\\Local\\Temp\\rust_mozprofileXAj1sL"
1661166275511	Marionette	INFO	Marionette enabled
console.warn: SearchSettings: "get: No settings file exists, new profile?" (new NotFoundError("Could not open the file at C:\\Users\\Ozerovs\\AppData\\Local\\Temp\\rust_mozprofileXAj1sL\\search.json.mozlz4", (void 0)))
DevTools listening on ws://localhost:58759/devtools/browser/c1c1b8ad-1724-4834-acc3-fc6a0761467d
1661166278130	Marionette	INFO	Listening on port 58029
1661166278412	RemoteAgent	WARN	TLS certificate errors will be ignored for this session
JavaScript error: https://twitter.com/sendbeatsbot, line 131: ChunkLoadError: Loading chunk shared~ondemand.EmojiPickerData~ondemand.ParticipantReaction~ondemand.EmojiPicker failed.
(error: https://abs.twimg.com/responsive-web/client-web-legacy/shared~ondemand.EmojiPickerData~ondemand.ParticipantReaction~ondemand.EmojiPicker.6b783bc8.js)
JavaScript error: https://twitter.com/sendbeatsbot, line 131: ChunkLoadError: Loading chunk ondemand.LottieWeb failed.
(error: https://abs.twimg.com/responsive-web/client-web-legacy/ondemand.LottieWeb.c65896b8.js)
JavaScript error: https://twitter.com/sendbeatsbot, line 131: ChunkLoadError: Loading chunk ondemand.LottieWeb failed.
(error: https://abs.twimg.com/responsive-web/client-web-legacy/ondemand.LottieWeb.c65896b8.js)
JavaScript error: https://twitter.com/sendbeatsbot, line 131: ChunkLoadError: Loading chunk ondemand.LottieWeb failed.
(error: https://abs.twimg.com/responsive-web/client-web-legacy/ondemand.LottieWeb.c65896b8.js)
JavaScript error: https://twitter.com/sendbeatsbot, line 131: ChunkLoadError: Loading chunk ondemand.LottieWeb failed.
(error: https://abs.twimg.com/responsive-web/client-web-legacy/ondemand.LottieWeb.c65896b8.js)
JavaScript error: https://twitter.com/sendbeatsbot, line 131: ChunkLoadError: Loading chunk ondemand.LottieWeb failed.
(error: https://abs.twimg.com/responsive-web/client-web-legacy/ondemand.LottieWeb.c65896b8.js)
JavaScript error: https://twitter.com/sendbeatsbot, line 131: ChunkLoadError: Loading chunk ondemand.LottieWeb failed.
(error: https://abs.twimg.com/responsive-web/client-web-legacy/ondemand.LottieWeb.c65896b8.js)
JavaScript error: https://twitter.com/sendbeatsbot, line 131: ChunkLoadError: Loading chunk ondemand.LottieWeb failed.
(error: https://abs.twimg.com/responsive-web/client-web-legacy/ondemand.LottieWeb.c65896b8.js)
JavaScript error: https://twitter.com/sendbeatsbot, line 131: ChunkLoadError: Loading chunk ondemand.LottieWeb failed.
(error: https://abs.twimg.com/responsive-web/client-web-legacy/ondemand.LottieWeb.c65896b8.js)
JavaScript error: https://twitter.com/sendbeatsbot, line 131: ChunkLoadError: Loading chunk ondemand.LottieWeb failed.
(error: https://abs.twimg.com/responsive-web/client-web-legacy/ondemand.LottieWeb.c65896b8.js)
JavaScript error: https://twitter.com/sendbeatsbot, line 131: ChunkLoadError: Loading chunk ondemand.LottieWeb failed.
(error: https://abs.twimg.com/responsive-web/client-web-legacy/ondemand.LottieWeb.c65896b8.js)
JavaScript error: https://twitter.com/sendbeatsbot, line 131: ChunkLoadError: Loading chunk ondemand.LottieWeb failed.
(error: https://abs.twimg.com/responsive-web/client-web-legacy/ondemand.LottieWeb.c65896b8.js)
JavaScript error: https://twitter.com/sendbeatsbot, line 131: ChunkLoadError: Loading chunk ondemand.LottieWeb failed.
(error: https://abs.twimg.com/responsive-web/client-web-legacy/ondemand.LottieWeb.c65896b8.js)
JavaScript error: https://twitter.com/sendbeatsbot, line 131: ChunkLoadError: Loading chunk ondemand.LottieWeb failed.
(error: https://abs.twimg.com/responsive-web/client-web-legacy/ondemand.LottieWeb.c65896b8.js)
JavaScript error: https://twitter.com/sendbeatsbot, line 131: ChunkLoadError: Loading chunk ondemand.LottieWeb failed.
(error: https://abs.twimg.com/responsive-web/client-web-legacy/ondemand.LottieWeb.c65896b8.js)
JavaScript error: https://twitter.com/sendbeatsbot, line 131: ChunkLoadError: Loading chunk ondemand.LottieWeb failed.
(error: https://abs.twimg.com/responsive-web/client-web-legacy/ondemand.LottieWeb.c65896b8.js)
JavaScript error: https://twitter.com/sendbeatsbot, line 131: ChunkLoadError: Loading chunk ondemand.LottieWeb failed.
(error: https://abs.twimg.com/responsive-web/client-web-legacy/ondemand.LottieWeb.c65896b8.js)
JavaScript error: https://twitter.com/sendbeatsbot, line 131: ChunkLoadError: Loading chunk ondemand.LottieWeb failed.
(error: https://abs.twimg.com/responsive-web/client-web-legacy/ondemand.LottieWeb.c65896b8.js)
JavaScript error: https://twitter.com/sendbeatsbot, line 131: ChunkLoadError: Loading chunk ondemand.LottieWeb failed.
(error: https://abs.twimg.com/responsive-web/client-web-legacy/ondemand.LottieWeb.c65896b8.js)
JavaScript error: https://twitter.com/sendbeatsbot, line 131: ChunkLoadError: Loading chunk ondemand.LottieWeb failed.
(error: https://abs.twimg.com/responsive-web/client-web-legacy/ondemand.LottieWeb.c65896b8.js)
JavaScript error: https://twitter.com/sendbeatsbot, line 131: ChunkLoadError: Loading chunk ondemand.LottieWeb failed.
(error: https://abs.twimg.com/responsive-web/client-web-legacy/ondemand.LottieWeb.c65896b8.js)
JavaScript error: https://twitter.com/sendbeatsbot, line 131: ChunkLoadError: Loading chunk ondemand.LottieWeb failed.
(error: https://abs.twimg.com/responsive-web/client-web-legacy/ondemand.LottieWeb.c65896b8.js)
JavaScript error: https://twitter.com/sendbeatsbot, line 131: ChunkLoadError: Loading chunk ondemand.LottieWeb failed.
(error: https://abs.twimg.com/responsive-web/client-web-legacy/ondemand.LottieWeb.c65896b8.js)
JavaScript error: https://twitter.com/sendbeatsbot, line 131: ChunkLoadError: Loading chunk ondemand.LottieWeb failed.
(error: https://abs.twimg.com/responsive-web/client-web-legacy/ondemand.LottieWeb.c65896b8.js)
JavaScript error: https://twitter.com/sendbeatsbot, line 131: ChunkLoadError: Loading chunk ondemand.LottieWeb failed.
(error: https://abs.twimg.com/responsive-web/client-web-legacy/ondemand.LottieWeb.c65896b8.js)
JavaScript error: https://twitter.com/sendbeatsbot, line 131: ChunkLoadError: Loading chunk ondemand.LottieWeb failed.
(error: https://abs.twimg.com/responsive-web/client-web-legacy/ondemand.LottieWeb.c65896b8.js)
JavaScript error: https://twitter.com/sendbeatsbot, line 131: ChunkLoadError: Loading chunk ondemand.LottieWeb failed.
(error: https://abs.twimg.com/responsive-web/client-web-legacy/ondemand.LottieWeb.c65896b8.js)
JavaScript error: https://twitter.com/sendbeatsbot, line 131: ChunkLoadError: Loading chunk ondemand.LottieWeb failed.
(error: https://abs.twimg.com/responsive-web/client-web-legacy/ondemand.LottieWeb.c65896b8.js)
JavaScript error: https://twitter.com/sendbeatsbot, line 131: ChunkLoadError: Loading chunk ondemand.LottieWeb failed.
(error: https://abs.twimg.com/responsive-web/client-web-legacy/ondemand.LottieWeb.c65896b8.js)
JavaScript error: https://twitter.com/sendbeatsbot, line 131: ChunkLoadError: Loading chunk ondemand.LottieWeb failed.
(error: https://abs.twimg.com/responsive-web/client-web-legacy/ondemand.LottieWeb.c65896b8.js)
JavaScript error: https://twitter.com/sendbeatsbot, line 131: ChunkLoadError: Loading chunk ondemand.LottieWeb failed.
(error: https://abs.twimg.com/responsive-web/client-web-legacy/ondemand.LottieWeb.c65896b8.js)
JavaScript error: https://twitter.com/sendbeatsbot, line 131: ChunkLoadError: Loading chunk ondemand.LottieWeb failed.
(error: https://abs.twimg.com/responsive-web/client-web-legacy/ondemand.LottieWeb.c65896b8.js)
JavaScript error: https://twitter.com/sendbeatsbot, line 131: ChunkLoadError: Loading chunk ondemand.LottieWeb failed.
(error: https://abs.twimg.com/responsive-web/client-web-legacy/ondemand.LottieWeb.c65896b8.js)
JavaScript error: https://twitter.com/sendbeatsbot, line 131: ChunkLoadError: Loading chunk ondemand.LottieWeb failed.
(error: https://abs.twimg.com/responsive-web/client-web-legacy/ondemand.LottieWeb.c65896b8.js)
JavaScript error: https://twitter.com/sendbeatsbot, line 131: ChunkLoadError: Loading chunk ondemand.LottieWeb failed.
(error: https://abs.twimg.com/responsive-web/client-web-legacy/ondemand.LottieWeb.c65896b8.js)
JavaScript error: https://twitter.com/sendbeatsbot, line 131: ChunkLoadError: Loading chunk ondemand.LottieWeb failed.
(error: https://abs.twimg.com/responsive-web/client-web-legacy/ondemand.LottieWeb.c65896b8.js)
JavaScript error: https://twitter.com/sendbeatsbot, line 131: ChunkLoadError: Loading chunk ondemand.LottieWeb failed.
(error: https://abs.twimg.com/responsive-web/client-web-legacy/ondemand.LottieWeb.c65896b8.js)
JavaScript error: https://twitter.com/sendbeatsbot, line 131: ChunkLoadError: Loading chunk ondemand.LottieWeb failed.
(error: https://abs.twimg.com/responsive-web/client-web-legacy/ondemand.LottieWeb.c65896b8.js)
JavaScript error: https://twitter.com/sendbeatsbot, line 131: ChunkLoadError: Loading chunk ondemand.LottieWeb failed.
(error: https://abs.twimg.com/responsive-web/client-web-legacy/ondemand.LottieWeb.c65896b8.js)
JavaScript error: https://twitter.com/sendbeatsbot, line 131: ChunkLoadError: Loading chunk ondemand.LottieWeb failed.
(error: https://abs.twimg.com/responsive-web/client-web-legacy/ondemand.LottieWeb.c65896b8.js)
JavaScript error: https://twitter.com/sendbeatsbot, line 131: ChunkLoadError: Loading chunk ondemand.LottieWeb failed.
(error: https://abs.twimg.com/responsive-web/client-web-legacy/ondemand.LottieWeb.c65896b8.js)
JavaScript error: https://twitter.com/sendbeatsbot, line 131: ChunkLoadError: Loading chunk ondemand.LottieWeb failed.
(error: https://abs.twimg.com/responsive-web/client-web-legacy/ondemand.LottieWeb.c65896b8.js)
JavaScript error: https://twitter.com/sendbeatsbot, line 131: ChunkLoadError: Loading chunk ondemand.LottieWeb failed.
(error: https://abs.twimg.com/responsive-web/client-web-legacy/ondemand.LottieWeb.c65896b8.js)
JavaScript error: https://twitter.com/sendbeatsbot, line 131: ChunkLoadError: Loading chunk ondemand.LottieWeb failed.
(error: https://abs.twimg.com/responsive-web/client-web-legacy/ondemand.LottieWeb.c65896b8.js)
JavaScript error: https://twitter.com/sendbeatsbot, line 131: ChunkLoadError: Loading chunk ondemand.LottieWeb failed.
(error: https://abs.twimg.com/responsive-web/client-web-legacy/ondemand.LottieWeb.c65896b8.js)
JavaScript error: https://twitter.com/sendbeatsbot, line 131: ChunkLoadError: Loading chunk ondemand.LottieWeb failed.
(error: https://abs.twimg.com/responsive-web/client-web-legacy/ondemand.LottieWeb.c65896b8.js)
JavaScript error: https://twitter.com/sendbeatsbot, line 131: ChunkLoadError: Loading chunk ondemand.LottieWeb failed.
(error: https://abs.twimg.com/responsive-web/client-web-legacy/ondemand.LottieWeb.c65896b8.js)
JavaScript error: https://twitter.com/sendbeatsbot, line 131: ChunkLoadError: Loading chunk ondemand.LottieWeb failed.
(error: https://abs.twimg.com/responsive-web/client-web-legacy/ondemand.LottieWeb.c65896b8.js)
JavaScript error: https://twitter.com/sendbeatsbot, line 131: ChunkLoadError: Loading chunk ondemand.LottieWeb failed.
(error: https://abs.twimg.com/responsive-web/client-web-legacy/ondemand.LottieWeb.c65896b8.js)
JavaScript error: https://twitter.com/sendbeatsbot, line 131: ChunkLoadError: Loading chunk ondemand.LottieWeb failed.
(error: https://abs.twimg.com/responsive-web/client-web-legacy/ondemand.LottieWeb.c65896b8.js)
JavaScript error: https://twitter.com/sendbeatsbot, line 131: ChunkLoadError: Loading chunk ondemand.LottieWeb failed.
(error: https://abs.twimg.com/responsive-web/client-web-legacy/ondemand.LottieWeb.c65896b8.js)
JavaScript error: https://twitter.com/sendbeatsbot, line 131: ChunkLoadError: Loading chunk ondemand.LottieWeb failed.
(error: https://abs.twimg.com/responsive-web/client-web-legacy/ondemand.LottieWeb.c65896b8.js)
JavaScript error: https://twitter.com/sendbeatsbot, line 131: ChunkLoadError: Loading chunk ondemand.LottieWeb failed.
(error: https://abs.twimg.com/responsive-web/client-web-legacy/ondemand.LottieWeb.c65896b8.js)
JavaScript error: https://twitter.com/sendbeatsbot, line 131: ChunkLoadError: Loading chunk ondemand.LottieWeb failed.
(error: https://abs.twimg.com/responsive-web/client-web-legacy/ondemand.LottieWeb.c65896b8.js)
JavaScript error: https://twitter.com/sendbeatsbot, line 131: ChunkLoadError: Loading chunk ondemand.LottieWeb failed.
(error: https://abs.twimg.com/responsive-web/client-web-legacy/ondemand.LottieWeb.c65896b8.js)
JavaScript error: https://twitter.com/sendbeatsbot, line 131: ChunkLoadError: Loading chunk ondemand.LottieWeb failed.
(error: https://abs.twimg.com/responsive-web/client-web-legacy/ondemand.LottieWeb.c65896b8.js)
JavaScript error: https://twitter.com/sendbeatsbot, line 131: ChunkLoadError: Loading chunk ondemand.LottieWeb failed.
(error: https://abs.twimg.com/responsive-web/client-web-legacy/ondemand.LottieWeb.c65896b8.js)
JavaScript error: https://twitter.com/sendbeatsbot, line 131: ChunkLoadError: Loading chunk ondemand.LottieWeb failed.
(error: https://abs.twimg.com/responsive-web/client-web-legacy/ondemand.LottieWeb.c65896b8.js)
JavaScript error: https://twitter.com/sendbeatsbot, line 131: ChunkLoadError: Loading chunk ondemand.LottieWeb failed.
(error: https://abs.twimg.com/responsive-web/client-web-legacy/ondemand.LottieWeb.c65896b8.js)
JavaScript error: https://twitter.com/sendbeatsbot, line 131: ChunkLoadError: Loading chunk ondemand.LottieWeb failed.
(error: https://abs.twimg.com/responsive-web/client-web-legacy/ondemand.LottieWeb.c65896b8.js)
JavaScript error: https://twitter.com/sendbeatsbot, line 131: ChunkLoadError: Loading chunk ondemand.LottieWeb failed.
(error: https://abs.twimg.com/responsive-web/client-web-legacy/ondemand.LottieWeb.c65896b8.js)
JavaScript error: https://twitter.com/sendbeatsbot, line 131: ChunkLoadError: Loading chunk ondemand.LottieWeb failed.
(error: https://abs.twimg.com/responsive-web/client-web-legacy/ondemand.LottieWeb.c65896b8.js)
JavaScript error: https://twitter.com/sendbeatsbot, line 131: ChunkLoadError: Loading chunk ondemand.LottieWeb failed.
(error: https://abs.twimg.com/responsive-web/client-web-legacy/ondemand.LottieWeb.c65896b8.js)
JavaScript error: https://twitter.com/sendbeatsbot, line 131: ChunkLoadError: Loading chunk ondemand.LottieWeb failed.
(error: https://abs.twimg.com/responsive-web/client-web-legacy/ondemand.LottieWeb.c65896b8.js)
JavaScript error: https://twitter.com/sendbeatsbot, line 131: ChunkLoadError: Loading chunk ondemand.LottieWeb failed.
(error: https://abs.twimg.com/responsive-web/client-web-legacy/ondemand.LottieWeb.c65896b8.js)
JavaScript error: https://twitter.com/sendbeatsbot, line 131: ChunkLoadError: Loading chunk ondemand.LottieWeb failed.
(error: https://abs.twimg.com/responsive-web/client-web-legacy/ondemand.LottieWeb.c65896b8.js)
JavaScript error: https://twitter.com/sendbeatsbot, line 131: ChunkLoadError: Loading chunk ondemand.LottieWeb failed.
(error: https://abs.twimg.com/responsive-web/client-web-legacy/ondemand.LottieWeb.c65896b8.js)
JavaScript error: https://twitter.com/sendbeatsbot, line 131: ChunkLoadError: Loading chunk ondemand.LottieWeb failed.
(error: https://abs.twimg.com/responsive-web/client-web-legacy/ondemand.LottieWeb.c65896b8.js)
JavaScript error: https://twitter.com/sendbeatsbot, line 131: ChunkLoadError: Loading chunk ondemand.LottieWeb failed.
(error: https://abs.twimg.com/responsive-web/client-web-legacy/ondemand.LottieWeb.c65896b8.js)
JavaScript error: https://twitter.com/sendbeatsbot, line 131: ChunkLoadError: Loading chunk ondemand.LottieWeb failed.
(error: https://abs.twimg.com/responsive-web/client-web-legacy/ondemand.LottieWeb.c65896b8.js)
JavaScript error: https://twitter.com/sendbeatsbot, line 131: ChunkLoadError: Loading chunk ondemand.LottieWeb failed.
(error: https://abs.twimg.com/responsive-web/client-web-legacy/ondemand.LottieWeb.c65896b8.js)
JavaScript error: https://twitter.com/sendbeatsbot, line 131: ChunkLoadError: Loading chunk ondemand.LottieWeb failed.
(error: https://abs.twimg.com/responsive-web/client-web-legacy/ondemand.LottieWeb.c65896b8.js)
JavaScript error: https://twitter.com/sendbeatsbot, line 131: ChunkLoadError: Loading chunk ondemand.LottieWeb failed.
(error: https://abs.twimg.com/responsive-web/client-web-legacy/ondemand.LottieWeb.c65896b8.js)
JavaScript error: https://twitter.com/sendbeatsbot, line 131: ChunkLoadError: Loading chunk ondemand.LottieWeb failed.
(error: https://abs.twimg.com/responsive-web/client-web-legacy/ondemand.LottieWeb.c65896b8.js)
JavaScript error: https://twitter.com/sendbeatsbot, line 131: ChunkLoadError: Loading chunk ondemand.LottieWeb failed.
(error: https://abs.twimg.com/responsive-web/client-web-legacy/ondemand.LottieWeb.c65896b8.js)
JavaScript error: https://twitter.com/sendbeatsbot, line 131: ChunkLoadError: Loading chunk ondemand.LottieWeb failed.
(error: https://abs.twimg.com/responsive-web/client-web-legacy/ondemand.LottieWeb.c65896b8.js)
JavaScript error: https://twitter.com/sendbeatsbot, line 131: ChunkLoadError: Loading chunk ondemand.LottieWeb failed.
(error: https://abs.twimg.com/responsive-web/client-web-legacy/ondemand.LottieWeb.c65896b8.js)
JavaScript error: https://twitter.com/sendbeatsbot, line 131: ChunkLoadError: Loading chunk ondemand.LottieWeb failed.
(error: https://abs.twimg.com/responsive-web/client-web-legacy/ondemand.LottieWeb.c65896b8.js)
JavaScript error: https://twitter.com/sendbeatsbot, line 131: ChunkLoadError: Loading chunk ondemand.LottieWeb failed.
(error: https://abs.twimg.com/responsive-web/client-web-legacy/ondemand.LottieWeb.c65896b8.js)
JavaScript error: https://twitter.com/sendbeatsbot, line 131: ChunkLoadError: Loading chunk ondemand.LottieWeb failed.
(error: https://abs.twimg.com/responsive-web/client-web-legacy/ondemand.LottieWeb.c65896b8.js)
JavaScript error: https://twitter.com/sendbeatsbot, line 131: ChunkLoadError: Loading chunk ondemand.LottieWeb failed.
(error: https://abs.twimg.com/responsive-web/client-web-legacy/ondemand.LottieWeb.c65896b8.js)
JavaScript error: https://twitter.com/sendbeatsbot, line 131: ChunkLoadError: Loading chunk ondemand.LottieWeb failed.
(error: https://abs.twimg.com/responsive-web/client-web-legacy/ondemand.LottieWeb.c65896b8.js)
JavaScript error: https://twitter.com/sendbeatsbot, line 131: ChunkLoadError: Loading chunk ondemand.LottieWeb failed.
(error: https://abs.twimg.com/responsive-web/client-web-legacy/ondemand.LottieWeb.c65896b8.js)
JavaScript error: https://twitter.com/sendbeatsbot, line 131: ChunkLoadError: Loading chunk ondemand.LottieWeb failed.
(error: https://abs.twimg.com/responsive-web/client-web-legacy/ondemand.LottieWeb.c65896b8.js)
JavaScript error: https://twitter.com/sendbeatsbot, line 131: ChunkLoadError: Loading chunk ondemand.LottieWeb failed.
(error: https://abs.twimg.com/responsive-web/client-web-legacy/ondemand.LottieWeb.c65896b8.js)
JavaScript error: https://twitter.com/sendbeatsbot, line 131: ChunkLoadError: Loading chunk ondemand.LottieWeb failed.
(error: https://abs.twimg.com/responsive-web/client-web-legacy/ondemand.LottieWeb.c65896b8.js)
JavaScript error: https://twitter.com/sendbeatsbot, line 131: ChunkLoadError: Loading chunk ondemand.LottieWeb failed.
(error: https://abs.twimg.com/responsive-web/client-web-legacy/ondemand.LottieWeb.c65896b8.js)
JavaScript error: https://twitter.com/sendbeatsbot, line 131: ChunkLoadError: Loading chunk ondemand.LottieWeb failed.
(error: https://abs.twimg.com/responsive-web/client-web-legacy/ondemand.LottieWeb.c65896b8.js)
JavaScript error: https://twitter.com/sendbeatsbot, line 131: ChunkLoadError: Loading chunk ondemand.LottieWeb failed.
(error: https://abs.twimg.com/responsive-web/client-web-legacy/ondemand.LottieWeb.c65896b8.js)
JavaScript error: https://twitter.com/sendbeatsbot, line 131: ChunkLoadError: Loading chunk ondemand.LottieWeb failed.
(error: https://abs.twimg.com/responsive-web/client-web-legacy/ondemand.LottieWeb.c65896b8.js)
JavaScript error: https://twitter.com/sendbeatsbot, line 131: ChunkLoadError: Loading chunk ondemand.LottieWeb failed.
(error: https://abs.twimg.com/responsive-web/client-web-legacy/ondemand.LottieWeb.c65896b8.js)
JavaScript error: https://twitter.com/sendbeatsbot, line 131: ChunkLoadError: Loading chunk ondemand.LottieWeb failed.
(error: https://abs.twimg.com/responsive-web/client-web-legacy/ondemand.LottieWeb.c65896b8.js)
JavaScript error: https://twitter.com/sendbeatsbot, line 131: ChunkLoadError: Loading chunk ondemand.LottieWeb failed.
(error: https://abs.twimg.com/responsive-web/client-web-legacy/ondemand.LottieWeb.c65896b8.js)
JavaScript error: https://twitter.com/sendbeatsbot, line 131: ChunkLoadError: Loading chunk ondemand.LottieWeb failed.
(error: https://abs.twimg.com/responsive-web/client-web-legacy/ondemand.LottieWeb.c65896b8.js)
JavaScript error: https://twitter.com/sendbeatsbot, line 131: ChunkLoadError: Loading chunk ondemand.LottieWeb failed.
(error: https://abs.twimg.com/responsive-web/client-web-legacy/ondemand.LottieWeb.c65896b8.js)
JavaScript error: https://twitter.com/sendbeatsbot, line 131: ChunkLoadError: Loading chunk ondemand.LottieWeb failed.
(error: https://abs.twimg.com/responsive-web/client-web-legacy/ondemand.LottieWeb.c65896b8.js)
JavaScript error: https://twitter.com/sendbeatsbot, line 131: ChunkLoadError: Loading chunk ondemand.LottieWeb failed.
(error: https://abs.twimg.com/responsive-web/client-web-legacy/ondemand.LottieWeb.c65896b8.js)
JavaScript error: https://twitter.com/sendbeatsbot, line 131: ChunkLoadError: Loading chunk ondemand.LottieWeb failed.
(error: https://abs.twimg.com/responsive-web/client-web-legacy/ondemand.LottieWeb.c65896b8.js)
JavaScript error: https://twitter.com/sendbeatsbot, line 131: ChunkLoadError: Loading chunk ondemand.LottieWeb failed.
(error: https://abs.twimg.com/responsive-web/client-web-legacy/ondemand.LottieWeb.c65896b8.js)
JavaScript error: https://twitter.com/sendbeatsbot, line 131: ChunkLoadError: Loading chunk ondemand.LottieWeb failed.
(error: https://abs.twimg.com/responsive-web/client-web-legacy/ondemand.LottieWeb.c65896b8.js)
JavaScript error: https://twitter.com/sendbeatsbot, line 131: ChunkLoadError: Loading chunk ondemand.LottieWeb failed.
(error: https://abs.twimg.com/responsive-web/client-web-legacy/ondemand.LottieWeb.c65896b8.js)
JavaScript error: https://twitter.com/sendbeatsbot, line 131: ChunkLoadError: Loading chunk ondemand.LottieWeb failed.
(error: https://abs.twimg.com/responsive-web/client-web-legacy/ondemand.LottieWeb.c65896b8.js)
JavaScript error: https://twitter.com/sendbeatsbot, line 131: ChunkLoadError: Loading chunk ondemand.LottieWeb failed.
(error: https://abs.twimg.com/responsive-web/client-web-legacy/ondemand.LottieWeb.c65896b8.js)
JavaScript error: https://twitter.com/sendbeatsbot, line 131: ChunkLoadError: Loading chunk ondemand.LottieWeb failed.
(error: https://abs.twimg.com/responsive-web/client-web-legacy/ondemand.LottieWeb.c65896b8.js)
JavaScript error: https://twitter.com/sendbeatsbot, line 131: ChunkLoadError: Loading chunk ondemand.LottieWeb failed.
(error: https://abs.twimg.com/responsive-web/client-web-legacy/ondemand.LottieWeb.c65896b8.js)
JavaScript error: https://twitter.com/sendbeatsbot, line 131: ChunkLoadError: Loading chunk ondemand.LottieWeb failed.
(error: https://abs.twimg.com/responsive-web/client-web-legacy/ondemand.LottieWeb.c65896b8.js)
JavaScript error: https://twitter.com/sendbeatsbot, line 131: ChunkLoadError: Loading chunk ondemand.LottieWeb failed.
(error: https://abs.twimg.com/responsive-web/client-web-legacy/ondemand.LottieWeb.c65896b8.js)
JavaScript error: https://twitter.com/sendbeatsbot, line 131: ChunkLoadError: Loading chunk ondemand.LottieWeb failed.
(error: https://abs.twimg.com/responsive-web/client-web-legacy/ondemand.LottieWeb.c65896b8.js)
JavaScript error: https://twitter.com/sendbeatsbot, line 131: ChunkLoadError: Loading chunk ondemand.LottieWeb failed.
(error: https://abs.twimg.com/responsive-web/client-web-legacy/ondemand.LottieWeb.c65896b8.js)
JavaScript error: https://twitter.com/sendbeatsbot, line 131: ChunkLoadError: Loading chunk ondemand.LottieWeb failed.
(error: https://abs.twimg.com/responsive-web/client-web-legacy/ondemand.LottieWeb.c65896b8.js)
JavaScript error: https://twitter.com/sendbeatsbot, line 131: ChunkLoadError: Loading chunk ondemand.LottieWeb failed.
(error: https://abs.twimg.com/responsive-web/client-web-legacy/ondemand.LottieWeb.c65896b8.js)
JavaScript error: https://twitter.com/sendbeatsbot, line 131: ChunkLoadError: Loading chunk ondemand.LottieWeb failed.
(error: https://abs.twimg.com/responsive-web/client-web-legacy/ondemand.LottieWeb.c65896b8.js)
JavaScript error: https://twitter.com/sendbeatsbot, line 131: ChunkLoadError: Loading chunk ondemand.LottieWeb failed.
(error: https://abs.twimg.com/responsive-web/client-web-legacy/ondemand.LottieWeb.c65896b8.js)
JavaScript error: https://twitter.com/sendbeatsbot, line 131: ChunkLoadError: Loading chunk ondemand.LottieWeb failed.
(error: https://abs.twimg.com/responsive-web/client-web-legacy/ondemand.LottieWeb.c65896b8.js)
JavaScript error: https://twitter.com/sendbeatsbot, line 131: ChunkLoadError: Loading chunk ondemand.LottieWeb failed.
(error: https://abs.twimg.com/responsive-web/client-web-legacy/ondemand.LottieWeb.c65896b8.js)
JavaScript error: https://twitter.com/sendbeatsbot, line 131: ChunkLoadError: Loading chunk ondemand.LottieWeb failed.
(error: https://abs.twimg.com/responsive-web/client-web-legacy/ondemand.LottieWeb.c65896b8.js)
JavaScript error: https://twitter.com/sendbeatsbot, line 131: ChunkLoadError: Loading chunk ondemand.LottieWeb failed.
(error: https://abs.twimg.com/responsive-web/client-web-legacy/ondemand.LottieWeb.c65896b8.js)
JavaScript error: https://twitter.com/sendbeatsbot, line 131: ChunkLoadError: Loading chunk ondemand.LottieWeb failed.
(error: https://abs.twimg.com/responsive-web/client-web-legacy/ondemand.LottieWeb.c65896b8.js)
JavaScript error: https://twitter.com/sendbeatsbot, line 131: ChunkLoadError: Loading chunk ondemand.LottieWeb failed.
(error: https://abs.twimg.com/responsive-web/client-web-legacy/ondemand.LottieWeb.c65896b8.js)
JavaScript error: https://twitter.com/sendbeatsbot, line 131: ChunkLoadError: Loading chunk ondemand.LottieWeb failed.
(error: https://abs.twimg.com/responsive-web/client-web-legacy/ondemand.LottieWeb.c65896b8.js)
JavaScript error: https://twitter.com/sendbeatsbot, line 131: ChunkLoadError: Loading chunk ondemand.LottieWeb failed.
(error: https://abs.twimg.com/responsive-web/client-web-legacy/ondemand.LottieWeb.c65896b8.js)
JavaScript error: https://twitter.com/sendbeatsbot, line 131: ChunkLoadError: Loading chunk ondemand.LottieWeb failed.
(error: https://abs.twimg.com/responsive-web/client-web-legacy/ondemand.LottieWeb.c65896b8.js)
JavaScript error: https://twitter.com/sendbeatsbot, line 131: ChunkLoadError: Loading chunk ondemand.LottieWeb failed.
(error: https://abs.twimg.com/responsive-web/client-web-legacy/ondemand.LottieWeb.c65896b8.js)
JavaScript error: https://twitter.com/sendbeatsbot, line 131: ChunkLoadError: Loading chunk ondemand.LottieWeb failed.
(error: https://abs.twimg.com/responsive-web/client-web-legacy/ondemand.LottieWeb.c65896b8.js)
JavaScript error: https://twitter.com/sendbeatsbot, line 131: ChunkLoadError: Loading chunk ondemand.LottieWeb failed.
(error: https://abs.twimg.com/responsive-web/client-web-legacy/ondemand.LottieWeb.c65896b8.js)
JavaScript error: https://twitter.com/sendbeatsbot, line 131: ChunkLoadError: Loading chunk ondemand.LottieWeb failed.
(error: https://abs.twimg.com/responsive-web/client-web-legacy/ondemand.LottieWeb.c65896b8.js)
JavaScript error: https://twitter.com/sendbeatsbot, line 131: ChunkLoadError: Loading chunk ondemand.LottieWeb failed.
(error: https://abs.twimg.com/responsive-web/client-web-legacy/ondemand.LottieWeb.c65896b8.js)
JavaScript error: https://twitter.com/sendbeatsbot, line 131: ChunkLoadError: Loading chunk ondemand.LottieWeb failed.
(error: https://abs.twimg.com/responsive-web/client-web-legacy/ondemand.LottieWeb.c65896b8.js)
JavaScript error: https://twitter.com/sendbeatsbot, line 131: ChunkLoadError: Loading chunk ondemand.LottieWeb failed.
(error: https://abs.twimg.com/responsive-web/client-web-legacy/ondemand.LottieWeb.c65896b8.js)
JavaScript error: https://twitter.com/sendbeatsbot, line 131: ChunkLoadError: Loading chunk ondemand.LottieWeb failed.
(error: https://abs.twimg.com/responsive-web/client-web-legacy/ondemand.LottieWeb.c65896b8.js)
JavaScript error: https://twitter.com/sendbeatsbot, line 131: ChunkLoadError: Loading chunk ondemand.LottieWeb failed.
(error: https://abs.twimg.com/responsive-web/client-web-legacy/ondemand.LottieWeb.c65896b8.js)
JavaScript error: https://twitter.com/sendbeatsbot, line 131: ChunkLoadError: Loading chunk ondemand.LottieWeb failed.
(error: https://abs.twimg.com/responsive-web/client-web-legacy/ondemand.LottieWeb.c65896b8.js)
JavaScript error: https://twitter.com/sendbeatsbot, line 131: ChunkLoadError: Loading chunk ondemand.LottieWeb failed.
(error: https://abs.twimg.com/responsive-web/client-web-legacy/ondemand.LottieWeb.c65896b8.js)
JavaScript error: https://twitter.com/sendbeatsbot, line 131: ChunkLoadError: Loading chunk ondemand.LottieWeb failed.
(error: https://abs.twimg.com/responsive-web/client-web-legacy/ondemand.LottieWeb.c65896b8.js)
JavaScript error: https://twitter.com/sendbeatsbot, line 131: ChunkLoadError: Loading chunk ondemand.LottieWeb failed.
(error: https://abs.twimg.com/responsive-web/client-web-legacy/ondemand.LottieWeb.c65896b8.js)
JavaScript error: https://twitter.com/sendbeatsbot, line 131: ChunkLoadError: Loading chunk ondemand.LottieWeb failed.
(error: https://abs.twimg.com/responsive-web/client-web-legacy/ondemand.LottieWeb.c65896b8.js)
JavaScript error: https://twitter.com/sendbeatsbot, line 131: ChunkLoadError: Loading chunk ondemand.LottieWeb failed.
(error: https://abs.twimg.com/responsive-web/client-web-legacy/ondemand.LottieWeb.c65896b8.js)
JavaScript error: https://twitter.com/sendbeatsbot, line 131: ChunkLoadError: Loading chunk ondemand.LottieWeb failed.
(error: https://abs.twimg.com/responsive-web/client-web-legacy/ondemand.LottieWeb.c65896b8.js)
JavaScript error: https://twitter.com/sendbeatsbot, line 131: ChunkLoadError: Loading chunk ondemand.LottieWeb failed.
(error: https://abs.twimg.com/responsive-web/client-web-legacy/ondemand.LottieWeb.c65896b8.js)
JavaScript error: https://twitter.com/sendbeatsbot, line 131: ChunkLoadError: Loading chunk ondemand.LottieWeb failed.
(error: https://abs.twimg.com/responsive-web/client-web-legacy/ondemand.LottieWeb.c65896b8.js)
JavaScript error: https://twitter.com/sendbeatsbot, line 131: ChunkLoadError: Loading chunk ondemand.LottieWeb failed.
(error: https://abs.twimg.com/responsive-web/client-web-legacy/ondemand.LottieWeb.c65896b8.js)
JavaScript error: https://twitter.com/sendbeatsbot, line 131: ChunkLoadError: Loading chunk ondemand.LottieWeb failed.
(error: https://abs.twimg.com/responsive-web/client-web-legacy/ondemand.LottieWeb.c65896b8.js)
JavaScript error: https://twitter.com/sendbeatsbot, line 131: ChunkLoadError: Loading chunk ondemand.LottieWeb failed.
(error: https://abs.twimg.com/responsive-web/client-web-legacy/ondemand.LottieWeb.c65896b8.js)
JavaScript error: https://twitter.com/sendbeatsbot, line 131: ChunkLoadError: Loading chunk ondemand.LottieWeb failed.
(error: https://abs.twimg.com/responsive-web/client-web-legacy/ondemand.LottieWeb.c65896b8.js)
JavaScript error: https://twitter.com/sendbeatsbot, line 131: ChunkLoadError: Loading chunk ondemand.LottieWeb failed.
(error: https://abs.twimg.com/responsive-web/client-web-legacy/ondemand.LottieWeb.c65896b8.js)
JavaScript error: https://twitter.com/sendbeatsbot, line 131: ChunkLoadError: Loading chunk ondemand.LottieWeb failed.
(error: https://abs.twimg.com/responsive-web/client-web-legacy/ondemand.LottieWeb.c65896b8.js)
JavaScript error: https://twitter.com/sendbeatsbot, line 131: ChunkLoadError: Loading chunk ondemand.LottieWeb failed.
(error: https://abs.twimg.com/responsive-web/client-web-legacy/ondemand.LottieWeb.c65896b8.js)
JavaScript error: https://twitter.com/sendbeatsbot, line 131: ChunkLoadError: Loading chunk ondemand.LottieWeb failed.
(error: https://abs.twimg.com/responsive-web/client-web-legacy/ondemand.LottieWeb.c65896b8.js)
JavaScript error: https://twitter.com/sendbeatsbot, line 131: ChunkLoadError: Loading chunk ondemand.LottieWeb failed.
(error: https://abs.twimg.com/responsive-web/client-web-legacy/ondemand.LottieWeb.c65896b8.js)
JavaScript error: https://twitter.com/sendbeatsbot, line 131: ChunkLoadError: Loading chunk ondemand.LottieWeb failed.
(error: https://abs.twimg.com/responsive-web/client-web-legacy/ondemand.LottieWeb.c65896b8.js)
JavaScript error: https://twitter.com/sendbeatsbot, line 131: ChunkLoadError: Loading chunk ondemand.LottieWeb failed.
(error: https://abs.twimg.com/responsive-web/client-web-legacy/ondemand.LottieWeb.c65896b8.js)
1661166643297	geckodriver	INFO	Listening on 127.0.0.1:49972
1661166646327	mozrunner::runner	INFO	Running command: "C:\\Program Files\\Mozilla Firefox\\firefox.exe" "--marionette" "--remote-debugging-port" "49973" "-no-remote" "-profile" "C:\\Users\\Ozerovs\\AppData\\Local\\Temp\\rust_mozprofile7j155R"
1661166646954	Marionette	INFO	Marionette enabled
console.warn: SearchSettings: "get: No settings file exists, new profile?" (new NotFoundError("Could not open the file at C:\\Users\\Ozerovs\\AppData\\Local\\Temp\\rust_mozprofile7j155R\\search.json.mozlz4", (void 0)))
DevTools listening on ws://localhost:49973/devtools/browser/2bc7a516-7cc2-4b56-b05f-85b4489a8226
1661166649731	Marionette	INFO	Listening on port 49985
1661166650012	RemoteAgent	WARN	TLS certificate errors will be ignored for this session
console.error: Region.jsm: "Error fetching region" (new Error("TIMEOUT", "resource://gre/modules/Region.jsm", 772))
console.error: Region.jsm: "Failed to fetch region" (new Error("TIMEOUT", "resource://gre/modules/Region.jsm", 419))
1661166723956	Marionette	INFO	Stopped listening on port 49985
console.warn: TopSitesFeed: Failed to fetch data from Contile server: NetworkError when attempting to fetch resource.
JavaScript error: chrome://remote/content/marionette/cert.js, line 55: NS_ERROR_NOT_AVAILABLE: Component returned failure code: 0x80040111 (NS_ERROR_NOT_AVAILABLE) [nsICertOverrideService.setDisableAllSecurityChecksAndLetAttackersInterceptMyData]

###!!! [Child][PContentChild] Error: RunMessage(msgname=PHttpChannel::Msg_DeleteSelf) Channel closing: too late to send/recv, messages will be lost

1661166726589	geckodriver	INFO	Listening on 127.0.0.1:54535
1661166729637	mozrunner::runner	INFO	Running command: "C:\\Program Files\\Mozilla Firefox\\firefox.exe" "--marionette" "--remote-debugging-port" "54536" "-no-remote" "-profile" "C:\\Users\\Ozerovs\\AppData\\Local\\Temp\\rust_mozprofileZ0KOQZ"
1661166730013	Marionette	INFO	Marionette enabled
console.warn: SearchSettings: "get: No settings file exists, new profile?" (new NotFoundError("Could not open the file at C:\\Users\\Ozerovs\\AppData\\Local\\Temp\\rust_mozprofileZ0KOQZ\\search.json.mozlz4", (void 0)))
DevTools listening on ws://localhost:54536/devtools/browser/ad46ec68-0543-471f-8fce-ec70c3ddffe3
1661166731989	Marionette	INFO	Listening on port 54541
1661166732317	RemoteAgent	WARN	TLS certificate errors will be ignored for this session
console.warn: LoginRecipes: "getRecipes: falling back to a synchronous message for:" "https://twitter.com"
console.warn: LoginRecipes: "getRecipes: falling back to a synchronous message for:" "https://twitter.com"
[Child 1248, MediaDecoderStateMachine #1] WARNING: 19cfbd92f20 Could not set cubeb stream name.: file /builds/worker/checkouts/gecko/dom/media/AudioStream.cpp:330
JavaScript error: https://abs.twimg.com/responsive-web/client-web-legacy/vendor.ebc23828.js, line 90: Error: ApiError: https://twitter.com/i/api/1.1/attribution/event.json HTTP-403 codes:[64] trace_ids:[null]
JavaScript error: https://abs.twimg.com/responsive-web/client-web-legacy/vendor.ebc23828.js, line 90: Error: ApiError: https://twitter.com/i/api/1.1/strato/column/None/1232327265779888128,Windows%2FFirefox,pushNotifications/clients/permissionsState HTTP-403 codes:[64] trace_ids:[null]
[Child 1248, MediaDecoderStateMachine #1] WARNING: 19c860e7ac0 Could not set cubeb stream name.: file /builds/worker/checkouts/gecko/dom/media/AudioStream.cpp:330
1661167089968	Marionette	INFO	Stopped listening on port 54541

###!!! [Child][PContentChild] Error: Send(msgname=PNecko::Msg_RemoveRequestContext) Channel closing: too late to send/recv, messages will be lost


###!!! [Child][PContentChild] Error: RunMessage(msgname=PHttpChannel::Msg_DeleteSelf) Channel closing: too late to send/recv, messages will be lost


###!!! [Parent][PContentParent] Error: Send(msgname=PContent::Msg_DestroyBrowsingContextGroup) Closed channel: cannot send/recv


###!!! [Child][PContentChild] Error: RunMessage(msgname=PHttpChannel::Msg_DeleteSelf) Channel closing: too late to send/recv, messages will be lost


###!!! [Child][PContentChild] Error: Send(msgname=PBrowser::Msg___delete__) Channel closing: too late to send/recv, messages will be lost


###!!! [Child][PContentChild] Error: Send(msgname=PContent::Msg_ScriptError) Channel closing: too late to send/recv, messages will be lost

